<?xml version="1.0" encoding="UTF-8"?>
<!-- Generated by org.testng.reporters.JUnitXMLReporter -->
<testsuite hostname="DESKTOP-UQCRR3T" name="Enhanzed admin test" tests="12" failures="1" timestamp="5 Dec 2019 07:06:40 GMT" time="282.341" errors="0">
  <testcase name="checkBlankEmailPwd" time="5.521" classname="com.enhanzedadmin.qa.testcases.Adminlogintest"/>
  <testcase name="checkChangeOrganisationcode" time="2.521" classname="com.enhanzedadmin.qa.testcases.Adminlogintest"/>
  <testcase name="checkInvalidEmailInvalidPwd" time="4.668" classname="com.enhanzedadmin.qa.testcases.Adminlogintest"/>
  <testcase name="checkUIAttributes" time="15.357" classname="com.enhanzedadmin.qa.testcases.Adminlogintest"/>
  <testcase name="checkUnregisteredAdmin" time="5.867" classname="com.enhanzedadmin.qa.testcases.Adminlogintest"/>
  <testcase name="checkValidEmailIdInvalidPwd" time="6.298" classname="com.enhanzedadmin.qa.testcases.Adminlogintest"/>
  <testcase name="checkValidEmailIdInvalidPwdLengthless" time="4.715" classname="com.enhanzedadmin.qa.testcases.Adminlogintest"/>
  <testcase name="checkValidEmailLogin" time="12.574" classname="com.enhanzedadmin.qa.testcases.Adminlogintest"/>
  <testcase name="checkUI" time="0.122" classname="com.enhanzedadmin.qa.testcases.orgcodetest"/>
  <testcase name="checkValidOrgcode" time="15.306" classname="com.enhanzedadmin.qa.testcases.orgcodetest"/>
  <testcase name="checkforblankorgcode" time="0.137" classname="com.enhanzedadmin.qa.testcases.orgcodetest">
    <failure type="java.lang.AssertionError" message="expected [Please enter Organisation Code] but found [Please enter Organization Code]">
      <![CDATA[java.lang.AssertionError: expected [Please enter Organisation Code] but found [Please enter Organization Code]
	at com.enhanzedadmin.qa.testcases.orgcodetest.checkforblankorgcode(orgcodetest.java:44)
... Removed 30 stack frames]]>
    </failure>
  </testcase> <!-- checkforblankorgcode -->
  <testcase name="checkinvalidorgcode" time="1.401" classname="com.enhanzedadmin.qa.testcases.orgcodetest"/>
</testsuite> <!-- Enhanzed admin test -->
