<?xml version="1.0" encoding="UTF-8"?>
<!-- Generated by org.testng.reporters.JUnitXMLReporter -->
<testsuite hostname="DESKTOP-UQCRR3T" name="Test" tests="348" failures="17" timestamp="4 Dec 2019 14:01:05 GMT" time="2478.456" errors="0">
  <testcase name="@BeforeMethod setup" time="0.0" classname="com.enhanzedadmin.qa.testcases.AssignTopicToUserTest">
    <failure type="org.openqa.selenium.NoSuchElementException" message="no such element: Unable to locate element: {&amp;quot;method&amp;quot;:&amp;quot;xpath&amp;quot;,&amp;quot;selector&amp;quot;:&amp;quot;//input[@type=&amp;apos;text&amp;apos;]&amp;quot;}
  (Session info: headless chrome=78.0.3904.108)
For documentation on this error, please visit: https://www.seleniumhq.org/exceptions/no_such_element.html
Build info: version: &amp;apos;3.141.59&amp;apos;, revision: &amp;apos;e82be7d358&amp;apos;, time: &amp;apos;2018-11-14T08:17:03&amp;apos;
System info: host: &amp;apos;DESKTOP-UQCRR3T&amp;apos;, ip: &amp;apos;192.168.0.134&amp;apos;, os.name: &amp;apos;Windows 10&amp;apos;, os.arch: &amp;apos;amd64&amp;apos;, os.version: &amp;apos;10.0&amp;apos;, java.version: &amp;apos;1.8.0_191&amp;apos;
Driver info: org.openqa.selenium.chrome.ChromeDriver
Capabilities {acceptInsecureCerts: false, browserName: chrome, browserVersion: 78.0.3904.108, chrome: {chromedriverVersion: 78.0.3904.70 (edb9c9f3de024..., userDataDir: C:\Users\VITNIT~1\AppData\L...}, goog:chromeOptions: {debuggerAddress: localhost:57408}, javascriptEnabled: true, networkConnectionEnabled: false, pageLoadStrategy: normal, platform: XP, platformName: XP, proxy: Proxy(), setWindowRect: true, strictFileInteractability: false, timeouts: {implicit: 0, pageLoad: 300000, script: 30000}, unhandledPromptBehavior: dismiss and notify}
Session ID: 8bf0699424dbdece3e0947d99c38eb37
*** Element info: {Using=xpath, value=//input[@type=&amp;apos;text&amp;apos;]}">
      <![CDATA[org.openqa.selenium.NoSuchElementException: no such element: Unable to locate element: {"method":"xpath","selector":"//input[@type='text']"}
  (Session info: headless chrome=78.0.3904.108)
For documentation on this error, please visit: https://www.seleniumhq.org/exceptions/no_such_element.html
Build info: version: '3.141.59', revision: 'e82be7d358', time: '2018-11-14T08:17:03'
System info: host: 'DESKTOP-UQCRR3T', ip: '192.168.0.134', os.name: 'Windows 10', os.arch: 'amd64', os.version: '10.0', java.version: '1.8.0_191'
Driver info: org.openqa.selenium.chrome.ChromeDriver
Capabilities {acceptInsecureCerts: false, browserName: chrome, browserVersion: 78.0.3904.108, chrome: {chromedriverVersion: 78.0.3904.70 (edb9c9f3de024..., userDataDir: C:\Users\VITNIT~1\AppData\L...}, goog:chromeOptions: {debuggerAddress: localhost:57408}, javascriptEnabled: true, networkConnectionEnabled: false, pageLoadStrategy: normal, platform: XP, platformName: XP, proxy: Proxy(), setWindowRect: true, strictFileInteractability: false, timeouts: {implicit: 0, pageLoad: 300000, script: 30000}, unhandledPromptBehavior: dismiss and notify}
Session ID: 8bf0699424dbdece3e0947d99c38eb37
*** Element info: {Using=xpath, value=//input[@type='text']}
	at org.openqa.selenium.remote.http.W3CHttpResponseCodec.createException(W3CHttpResponseCodec.java:187)
	at org.openqa.selenium.remote.http.W3CHttpResponseCodec.decode(W3CHttpResponseCodec.java:122)
	at org.openqa.selenium.remote.http.W3CHttpResponseCodec.decode(W3CHttpResponseCodec.java:49)
	at org.openqa.selenium.remote.HttpCommandExecutor.execute(HttpCommandExecutor.java:158)
	at org.openqa.selenium.remote.service.DriverCommandExecutor.execute(DriverCommandExecutor.java:83)
	at org.openqa.selenium.remote.RemoteWebDriver.execute(RemoteWebDriver.java:552)
	at org.openqa.selenium.remote.RemoteWebDriver.findElement(RemoteWebDriver.java:323)
	at org.openqa.selenium.remote.RemoteWebDriver.findElementByXPath(RemoteWebDriver.java:428)
	at org.openqa.selenium.By$ByXPath.findElement(By.java:353)
	at org.openqa.selenium.remote.RemoteWebDriver.findElement(RemoteWebDriver.java:315)
	at org.openqa.selenium.support.pagefactory.DefaultElementLocator.findElement(DefaultElementLocator.java:69)
	at org.openqa.selenium.support.pagefactory.internal.LocatingElementHandler.invoke(LocatingElementHandler.java:38)
	at com.sun.proxy.$Proxy19.sendKeys(Unknown Source)
	at com.enhanzedadmin.qa.pages.AdminorgcodeUI.typeorganisation(AdminorgcodeUI.java:90)
	at com.enhanzedadmin.qa.testcases.AssignTopicToUserTest.setup(AssignTopicToUserTest.java:43)
... Removed 30 stack frames]]>
    </failure>
  </testcase> <!-- @BeforeMethod setup -->
  <testcase name="@AfterMethod end" time="0.0" classname="com.enhanzedadmin.qa.testcases.AssignTopicToUserTest">
    <skipped/>
  </testcase> <!-- @AfterMethod end -->
  <testcase name="@BeforeMethod initialization" time="0.0" classname="com.enhanzedadmin.qa.testcases.AssignTopicToUserTest">
    <skipped/>
  </testcase> <!-- @BeforeMethod initialization -->
  <testcase name="@BeforeMethod setup" time="0.0" classname="com.enhanzedadmin.qa.testcases.AssignTopicToUserTest">
    <skipped/>
  </testcase> <!-- @BeforeMethod setup -->
  <testcase name="@AfterMethod end" time="0.0" classname="com.enhanzedadmin.qa.testcases.AssignTopicToUserTest">
    <skipped/>
  </testcase> <!-- @AfterMethod end -->
  <testcase name="@BeforeMethod initialization" time="0.0" classname="com.enhanzedadmin.qa.testcases.AssignTopicToUserTest">
    <skipped/>
  </testcase> <!-- @BeforeMethod initialization -->
  <testcase name="@BeforeMethod setup" time="0.0" classname="com.enhanzedadmin.qa.testcases.AssignTopicToUserTest">
    <skipped/>
  </testcase> <!-- @BeforeMethod setup -->
  <testcase name="@AfterMethod end" time="0.0" classname="com.enhanzedadmin.qa.testcases.AssignTopicToUserTest">
    <skipped/>
  </testcase> <!-- @AfterMethod end -->
  <testcase name="@BeforeMethod initialization" time="0.0" classname="com.enhanzedadmin.qa.testcases.AssignTopicToUserTest">
    <skipped/>
  </testcase> <!-- @BeforeMethod initialization -->
  <testcase name="@BeforeMethod setup" time="0.0" classname="com.enhanzedadmin.qa.testcases.AssignTopicToUserTest">
    <skipped/>
  </testcase> <!-- @BeforeMethod setup -->
  <testcase name="@AfterMethod end" time="0.0" classname="com.enhanzedadmin.qa.testcases.AssignTopicToUserTest">
    <skipped/>
  </testcase> <!-- @AfterMethod end -->
  <testcase name="@BeforeMethod initialization" time="0.0" classname="com.enhanzedadmin.qa.testcases.AssignTopicToUserTest">
    <skipped/>
  </testcase> <!-- @BeforeMethod initialization -->
  <testcase name="@BeforeMethod setup" time="0.0" classname="com.enhanzedadmin.qa.testcases.AssignTopicToUserTest">
    <skipped/>
  </testcase> <!-- @BeforeMethod setup -->
  <testcase name="@AfterMethod end" time="0.0" classname="com.enhanzedadmin.qa.testcases.AssignTopicToUserTest">
    <skipped/>
  </testcase> <!-- @AfterMethod end -->
  <testcase name="@BeforeMethod initialization" time="0.0" classname="com.enhanzedadmin.qa.testcases.AssignTopicToUserTest">
    <skipped/>
  </testcase> <!-- @BeforeMethod initialization -->
  <testcase name="@BeforeMethod setup" time="0.0" classname="com.enhanzedadmin.qa.testcases.AssignTopicToUserTest">
    <skipped/>
  </testcase> <!-- @BeforeMethod setup -->
  <testcase name="@AfterMethod end" time="0.0" classname="com.enhanzedadmin.qa.testcases.AssignTopicToUserTest">
    <skipped/>
  </testcase> <!-- @AfterMethod end -->
  <testcase name="@BeforeMethod initialization" time="0.0" classname="com.enhanzedadmin.qa.testcases.AssignTopicToUserTest">
    <skipped/>
  </testcase> <!-- @BeforeMethod initialization -->
  <testcase name="@BeforeMethod setup" time="0.0" classname="com.enhanzedadmin.qa.testcases.AssignTopicToUserTest">
    <skipped/>
  </testcase> <!-- @BeforeMethod setup -->
  <testcase name="@AfterMethod end" time="0.0" classname="com.enhanzedadmin.qa.testcases.AssignTopicToUserTest">
    <skipped/>
  </testcase> <!-- @AfterMethod end -->
  <testcase name="@BeforeMethod initialization" time="0.0" classname="com.enhanzedadmin.qa.testcases.AssignTopicToUserTest">
    <skipped/>
  </testcase> <!-- @BeforeMethod initialization -->
  <testcase name="@BeforeMethod setup" time="0.0" classname="com.enhanzedadmin.qa.testcases.AssignTopicToUserTest">
    <skipped/>
  </testcase> <!-- @BeforeMethod setup -->
  <testcase name="@AfterMethod end" time="0.0" classname="com.enhanzedadmin.qa.testcases.AssignTopicToUserTest">
    <skipped/>
  </testcase> <!-- @AfterMethod end -->
  <testcase name="@BeforeMethod initialization" time="0.0" classname="com.enhanzedadmin.qa.testcases.AssignTopicToUserTest">
    <skipped/>
  </testcase> <!-- @BeforeMethod initialization -->
  <testcase name="@BeforeMethod setup" time="0.0" classname="com.enhanzedadmin.qa.testcases.AssignTopicToUserTest">
    <skipped/>
  </testcase> <!-- @BeforeMethod setup -->
  <testcase name="@AfterMethod end" time="0.0" classname="com.enhanzedadmin.qa.testcases.AssignTopicToUserTest">
    <skipped/>
  </testcase> <!-- @AfterMethod end -->
  <testcase name="@BeforeMethod initialization" time="0.0" classname="com.enhanzedadmin.qa.testcases.AssignTopicToUserTest">
    <skipped/>
  </testcase> <!-- @BeforeMethod initialization -->
  <testcase name="@BeforeMethod setup" time="0.0" classname="com.enhanzedadmin.qa.testcases.AssignTopicToUserTest">
    <skipped/>
  </testcase> <!-- @BeforeMethod setup -->
  <testcase name="@AfterMethod end" time="0.0" classname="com.enhanzedadmin.qa.testcases.AssignTopicToUserTest">
    <skipped/>
  </testcase> <!-- @AfterMethod end -->
  <testcase name="@BeforeMethod initialization" time="0.0" classname="com.enhanzedadmin.qa.testcases.AssignTopicToUserTest">
    <skipped/>
  </testcase> <!-- @BeforeMethod initialization -->
  <testcase name="@BeforeMethod setup" time="0.0" classname="com.enhanzedadmin.qa.testcases.AssignTopicToUserTest">
    <skipped/>
  </testcase> <!-- @BeforeMethod setup -->
  <testcase name="@AfterMethod end" time="0.0" classname="com.enhanzedadmin.qa.testcases.AssignTopicToUserTest">
    <skipped/>
  </testcase> <!-- @AfterMethod end -->
  <testcase name="@BeforeMethod initialization" time="0.0" classname="com.enhanzedadmin.qa.testcases.AssignTopicToUserTest">
    <skipped/>
  </testcase> <!-- @BeforeMethod initialization -->
  <testcase name="@BeforeMethod setup" time="0.0" classname="com.enhanzedadmin.qa.testcases.AssignTopicToUserTest">
    <skipped/>
  </testcase> <!-- @BeforeMethod setup -->
  <testcase name="@AfterMethod end" time="0.0" classname="com.enhanzedadmin.qa.testcases.AssignTopicToUserTest">
    <skipped/>
  </testcase> <!-- @AfterMethod end -->
  <testcase name="@BeforeMethod initialization" time="0.0" classname="com.enhanzedadmin.qa.testcases.AssignTopicToUserTest">
    <skipped/>
  </testcase> <!-- @BeforeMethod initialization -->
  <testcase name="@BeforeMethod setup" time="0.0" classname="com.enhanzedadmin.qa.testcases.AssignTopicToUserTest">
    <skipped/>
  </testcase> <!-- @BeforeMethod setup -->
  <testcase name="@AfterMethod end" time="0.0" classname="com.enhanzedadmin.qa.testcases.AssignTopicToUserTest">
    <skipped/>
  </testcase> <!-- @AfterMethod end -->
  <testcase name="@BeforeMethod initialization" time="0.0" classname="com.enhanzedadmin.qa.testcases.AssignTopicToUserTest">
    <skipped/>
  </testcase> <!-- @BeforeMethod initialization -->
  <testcase name="@BeforeMethod setup" time="0.0" classname="com.enhanzedadmin.qa.testcases.AssignTopicToUserTest">
    <skipped/>
  </testcase> <!-- @BeforeMethod setup -->
  <testcase name="@AfterMethod end" time="0.0" classname="com.enhanzedadmin.qa.testcases.AssignTopicToUserTest">
    <skipped/>
  </testcase> <!-- @AfterMethod end -->
  <testcase name="@BeforeMethod initialization" time="0.0" classname="com.enhanzedadmin.qa.testcases.AssignTopicToUserTest">
    <skipped/>
  </testcase> <!-- @BeforeMethod initialization -->
  <testcase name="@BeforeMethod setup" time="0.0" classname="com.enhanzedadmin.qa.testcases.AssignTopicToUserTest">
    <skipped/>
  </testcase> <!-- @BeforeMethod setup -->
  <testcase name="@AfterMethod end" time="0.0" classname="com.enhanzedadmin.qa.testcases.AssignTopicToUserTest">
    <skipped/>
  </testcase> <!-- @AfterMethod end -->
  <testcase name="@BeforeMethod initialization" time="0.0" classname="com.enhanzedadmin.qa.testcases.AssignTopicToUserTest">
    <skipped/>
  </testcase> <!-- @BeforeMethod initialization -->
  <testcase name="@BeforeMethod setup" time="0.0" classname="com.enhanzedadmin.qa.testcases.AssignTopicToUserTest">
    <skipped/>
  </testcase> <!-- @BeforeMethod setup -->
  <testcase name="@AfterMethod end" time="0.0" classname="com.enhanzedadmin.qa.testcases.AssignTopicToUserTest">
    <skipped/>
  </testcase> <!-- @AfterMethod end -->
  <testcase name="@BeforeMethod initialization" time="0.0" classname="com.enhanzedadmin.qa.testcases.AssignTopicToUserTest">
    <skipped/>
  </testcase> <!-- @BeforeMethod initialization -->
  <testcase name="@BeforeMethod setup" time="0.0" classname="com.enhanzedadmin.qa.testcases.AssignTopicToUserTest">
    <skipped/>
  </testcase> <!-- @BeforeMethod setup -->
  <testcase name="@AfterMethod end" time="0.0" classname="com.enhanzedadmin.qa.testcases.AssignTopicToUserTest">
    <skipped/>
  </testcase> <!-- @AfterMethod end -->
  <testcase name="@BeforeMethod initialization" time="0.0" classname="com.enhanzedadmin.qa.testcases.AssignTopicToUserTest">
    <skipped/>
  </testcase> <!-- @BeforeMethod initialization -->
  <testcase name="@BeforeMethod setup" time="0.0" classname="com.enhanzedadmin.qa.testcases.AssignTopicToUserTest">
    <skipped/>
  </testcase> <!-- @BeforeMethod setup -->
  <testcase name="@AfterMethod end" time="0.0" classname="com.enhanzedadmin.qa.testcases.AssignTopicToUserTest">
    <skipped/>
  </testcase> <!-- @AfterMethod end -->
  <testcase name="@BeforeMethod initialization" time="0.0" classname="com.enhanzedadmin.qa.testcases.AssignTopicToUserTest">
    <skipped/>
  </testcase> <!-- @BeforeMethod initialization -->
  <testcase name="@BeforeMethod setup" time="0.0" classname="com.enhanzedadmin.qa.testcases.AssignTopicToUserTest">
    <skipped/>
  </testcase> <!-- @BeforeMethod setup -->
  <testcase name="@AfterMethod end" time="0.0" classname="com.enhanzedadmin.qa.testcases.AssignTopicToUserTest">
    <skipped/>
  </testcase> <!-- @AfterMethod end -->
  <testcase name="@BeforeMethod initialization" time="0.0" classname="com.enhanzedadmin.qa.testcases.AssignTopicToUserTest">
    <skipped/>
  </testcase> <!-- @BeforeMethod initialization -->
  <testcase name="@BeforeMethod setup" time="0.0" classname="com.enhanzedadmin.qa.testcases.AssignTopicToUserTest">
    <skipped/>
  </testcase> <!-- @BeforeMethod setup -->
  <testcase name="@AfterMethod end" time="0.0" classname="com.enhanzedadmin.qa.testcases.AssignTopicToUserTest">
    <skipped/>
  </testcase> <!-- @AfterMethod end -->
  <testcase name="@BeforeMethod initialization" time="0.0" classname="com.enhanzedadmin.qa.testcases.AssignTopicToUserTest">
    <skipped/>
  </testcase> <!-- @BeforeMethod initialization -->
  <testcase name="@BeforeMethod setup" time="0.0" classname="com.enhanzedadmin.qa.testcases.AssignTopicToUserTest">
    <skipped/>
  </testcase> <!-- @BeforeMethod setup -->
  <testcase name="@AfterMethod end" time="0.0" classname="com.enhanzedadmin.qa.testcases.AssignTopicToUserTest">
    <skipped/>
  </testcase> <!-- @AfterMethod end -->
  <testcase name="@BeforeMethod initialization" time="0.0" classname="com.enhanzedadmin.qa.testcases.AssignTopicToUserTest">
    <skipped/>
  </testcase> <!-- @BeforeMethod initialization -->
  <testcase name="@BeforeMethod setup" time="0.0" classname="com.enhanzedadmin.qa.testcases.AssignTopicToUserTest">
    <skipped/>
  </testcase> <!-- @BeforeMethod setup -->
  <testcase name="@AfterMethod end" time="0.0" classname="com.enhanzedadmin.qa.testcases.AssignTopicToUserTest">
    <skipped/>
  </testcase> <!-- @AfterMethod end -->
  <testcase name="@BeforeMethod initialization" time="0.0" classname="com.enhanzedadmin.qa.testcases.AssignTopicToUserTest">
    <skipped/>
  </testcase> <!-- @BeforeMethod initialization -->
  <testcase name="@BeforeMethod setup" time="0.0" classname="com.enhanzedadmin.qa.testcases.AssignTopicToUserTest">
    <skipped/>
  </testcase> <!-- @BeforeMethod setup -->
  <testcase name="@AfterMethod end" time="0.0" classname="com.enhanzedadmin.qa.testcases.AssignTopicToUserTest">
    <skipped/>
  </testcase> <!-- @AfterMethod end -->
  <testcase name="@BeforeMethod initialization" time="0.0" classname="com.enhanzedadmin.qa.testcases.AssignTopicToUserTest">
    <skipped/>
  </testcase> <!-- @BeforeMethod initialization -->
  <testcase name="@BeforeMethod setup" time="0.0" classname="com.enhanzedadmin.qa.testcases.AssignTopicToUserTest">
    <skipped/>
  </testcase> <!-- @BeforeMethod setup -->
  <testcase name="@AfterMethod end" time="0.0" classname="com.enhanzedadmin.qa.testcases.AssignTopicToUserTest">
    <skipped/>
  </testcase> <!-- @AfterMethod end -->
  <testcase name="@BeforeMethod initialization" time="0.0" classname="com.enhanzedadmin.qa.testcases.AssignTopicToUserTest">
    <skipped/>
  </testcase> <!-- @BeforeMethod initialization -->
  <testcase name="@BeforeMethod setup" time="0.0" classname="com.enhanzedadmin.qa.testcases.AssignTopicToUserTest">
    <skipped/>
  </testcase> <!-- @BeforeMethod setup -->
  <testcase name="@AfterMethod end" time="0.0" classname="com.enhanzedadmin.qa.testcases.AssignTopicToUserTest">
    <skipped/>
  </testcase> <!-- @AfterMethod end -->
  <testcase name="@BeforeMethod initialization" time="0.0" classname="com.enhanzedadmin.qa.testcases.AssignTopicToUserTest">
    <skipped/>
  </testcase> <!-- @BeforeMethod initialization -->
  <testcase name="@BeforeMethod setup" time="0.0" classname="com.enhanzedadmin.qa.testcases.AssignTopicToUserTest">
    <skipped/>
  </testcase> <!-- @BeforeMethod setup -->
  <testcase name="@AfterMethod end" time="0.0" classname="com.enhanzedadmin.qa.testcases.AssignTopicToUserTest">
    <skipped/>
  </testcase> <!-- @AfterMethod end -->
  <testcase name="@BeforeMethod initialization" time="0.0" classname="com.enhanzedadmin.qa.testcases.AssignTopicToUserTest">
    <skipped/>
  </testcase> <!-- @BeforeMethod initialization -->
  <testcase name="@BeforeMethod setup" time="0.0" classname="com.enhanzedadmin.qa.testcases.AssignTopicToUserTest">
    <skipped/>
  </testcase> <!-- @BeforeMethod setup -->
  <testcase name="@AfterMethod end" time="0.0" classname="com.enhanzedadmin.qa.testcases.AssignTopicToUserTest">
    <skipped/>
  </testcase> <!-- @AfterMethod end -->
  <testcase name="@BeforeMethod initialization" time="0.0" classname="com.enhanzedadmin.qa.testcases.AssignTopicToUserTest">
    <skipped/>
  </testcase> <!-- @BeforeMethod initialization -->
  <testcase name="@BeforeMethod setup" time="0.0" classname="com.enhanzedadmin.qa.testcases.AssignTopicToUserTest">
    <skipped/>
  </testcase> <!-- @BeforeMethod setup -->
  <testcase name="@AfterMethod end" time="0.0" classname="com.enhanzedadmin.qa.testcases.AssignTopicToUserTest">
    <skipped/>
  </testcase> <!-- @AfterMethod end -->
  <testcase name="@BeforeMethod initialization" time="0.0" classname="com.enhanzedadmin.qa.testcases.AssignTopicToUserTest">
    <skipped/>
  </testcase> <!-- @BeforeMethod initialization -->
  <testcase name="@BeforeMethod setup" time="0.0" classname="com.enhanzedadmin.qa.testcases.AssignTopicToUserTest">
    <skipped/>
  </testcase> <!-- @BeforeMethod setup -->
  <testcase name="@AfterMethod end" time="0.0" classname="com.enhanzedadmin.qa.testcases.AssignTopicToUserTest">
    <skipped/>
  </testcase> <!-- @AfterMethod end -->
  <testcase name="@BeforeMethod initialization" time="0.0" classname="com.enhanzedadmin.qa.testcases.AssignTopicToUserTest">
    <skipped/>
  </testcase> <!-- @BeforeMethod initialization -->
  <testcase name="@BeforeMethod setup" time="0.0" classname="com.enhanzedadmin.qa.testcases.AssignTopicToUserTest">
    <skipped/>
  </testcase> <!-- @BeforeMethod setup -->
  <testcase name="@AfterMethod end" time="0.0" classname="com.enhanzedadmin.qa.testcases.AssignTopicToUserTest">
    <skipped/>
  </testcase> <!-- @AfterMethod end -->
  <testcase name="@BeforeMethod initialization" time="0.0" classname="com.enhanzedadmin.qa.testcases.AssignTopicToUserTest">
    <skipped/>
  </testcase> <!-- @BeforeMethod initialization -->
  <testcase name="@BeforeMethod setup" time="0.0" classname="com.enhanzedadmin.qa.testcases.AssignTopicToUserTest">
    <skipped/>
  </testcase> <!-- @BeforeMethod setup -->
  <testcase name="@AfterMethod end" time="0.0" classname="com.enhanzedadmin.qa.testcases.AssignTopicToUserTest">
    <skipped/>
  </testcase> <!-- @AfterMethod end -->
  <testcase name="@BeforeMethod initialization" time="0.0" classname="com.enhanzedadmin.qa.testcases.AssignTopicToUserTest">
    <skipped/>
  </testcase> <!-- @BeforeMethod initialization -->
  <testcase name="@BeforeMethod setup" time="0.0" classname="com.enhanzedadmin.qa.testcases.AssignTopicToUserTest">
    <skipped/>
  </testcase> <!-- @BeforeMethod setup -->
  <testcase name="@AfterMethod end" time="0.0" classname="com.enhanzedadmin.qa.testcases.AssignTopicToUserTest">
    <skipped/>
  </testcase> <!-- @AfterMethod end -->
  <testcase name="@BeforeMethod initialization" time="0.0" classname="com.enhanzedadmin.qa.testcases.AssignTopicToUserTest">
    <skipped/>
  </testcase> <!-- @BeforeMethod initialization -->
  <testcase name="@BeforeMethod setup" time="0.0" classname="com.enhanzedadmin.qa.testcases.AssignTopicToUserTest">
    <skipped/>
  </testcase> <!-- @BeforeMethod setup -->
  <testcase name="@AfterMethod end" time="0.0" classname="com.enhanzedadmin.qa.testcases.AssignTopicToUserTest">
    <skipped/>
  </testcase> <!-- @AfterMethod end -->
  <testcase name="@BeforeMethod initialization" time="0.0" classname="com.enhanzedadmin.qa.testcases.AssignTopicToUserTest">
    <skipped/>
  </testcase> <!-- @BeforeMethod initialization -->
  <testcase name="@BeforeMethod setup" time="0.0" classname="com.enhanzedadmin.qa.testcases.AssignTopicToUserTest">
    <skipped/>
  </testcase> <!-- @BeforeMethod setup -->
  <testcase name="@AfterMethod end" time="0.0" classname="com.enhanzedadmin.qa.testcases.AssignTopicToUserTest">
    <skipped/>
  </testcase> <!-- @AfterMethod end -->
  <testcase name="@BeforeMethod initialization" time="0.0" classname="com.enhanzedadmin.qa.testcases.AssignTopicToUserTest">
    <skipped/>
  </testcase> <!-- @BeforeMethod initialization -->
  <testcase name="@BeforeMethod setup" time="0.0" classname="com.enhanzedadmin.qa.testcases.AssignTopicToUserTest">
    <skipped/>
  </testcase> <!-- @BeforeMethod setup -->
  <testcase name="@AfterMethod end" time="0.0" classname="com.enhanzedadmin.qa.testcases.AssignTopicToUserTest">
    <skipped/>
  </testcase> <!-- @AfterMethod end -->
  <testcase name="@BeforeMethod initialization" time="0.0" classname="com.enhanzedadmin.qa.testcases.AssignTopicToUserTest">
    <skipped/>
  </testcase> <!-- @BeforeMethod initialization -->
  <testcase name="@BeforeMethod setup" time="0.0" classname="com.enhanzedadmin.qa.testcases.AssignTopicToUserTest">
    <skipped/>
  </testcase> <!-- @BeforeMethod setup -->
  <testcase name="@AfterMethod end" time="0.0" classname="com.enhanzedadmin.qa.testcases.AssignTopicToUserTest">
    <skipped/>
  </testcase> <!-- @AfterMethod end -->
  <testcase name="@BeforeMethod initialization" time="0.0" classname="com.enhanzedadmin.qa.testcases.AssignTopicToUserTest">
    <skipped/>
  </testcase> <!-- @BeforeMethod initialization -->
  <testcase name="@BeforeMethod setup" time="0.0" classname="com.enhanzedadmin.qa.testcases.AssignTopicToUserTest">
    <skipped/>
  </testcase> <!-- @BeforeMethod setup -->
  <testcase name="@AfterMethod end" time="0.0" classname="com.enhanzedadmin.qa.testcases.AssignTopicToUserTest">
    <skipped/>
  </testcase> <!-- @AfterMethod end -->
  <testcase name="@BeforeMethod initialization" time="0.0" classname="com.enhanzedadmin.qa.testcases.AssignTopicToUserTest">
    <skipped/>
  </testcase> <!-- @BeforeMethod initialization -->
  <testcase name="@BeforeMethod setup" time="0.0" classname="com.enhanzedadmin.qa.testcases.AssignTopicToUserTest">
    <skipped/>
  </testcase> <!-- @BeforeMethod setup -->
  <testcase name="@AfterMethod end" time="0.0" classname="com.enhanzedadmin.qa.testcases.AssignTopicToUserTest">
    <skipped/>
  </testcase> <!-- @AfterMethod end -->
  <testcase name="@BeforeMethod initialization" time="0.0" classname="com.enhanzedadmin.qa.testcases.AssignTopicToUserTest">
    <skipped/>
  </testcase> <!-- @BeforeMethod initialization -->
  <testcase name="@BeforeMethod setup" time="0.0" classname="com.enhanzedadmin.qa.testcases.AssignTopicToUserTest">
    <skipped/>
  </testcase> <!-- @BeforeMethod setup -->
  <testcase name="@AfterMethod end" time="0.0" classname="com.enhanzedadmin.qa.testcases.AssignTopicToUserTest">
    <skipped/>
  </testcase> <!-- @AfterMethod end -->
  <testcase name="@BeforeMethod initialization" time="0.0" classname="com.enhanzedadmin.qa.testcases.AssignTopicToUserTest">
    <skipped/>
  </testcase> <!-- @BeforeMethod initialization -->
  <testcase name="@BeforeMethod setup" time="0.0" classname="com.enhanzedadmin.qa.testcases.AssignTopicToUserTest">
    <skipped/>
  </testcase> <!-- @BeforeMethod setup -->
  <testcase name="@AfterMethod end" time="0.0" classname="com.enhanzedadmin.qa.testcases.AssignTopicToUserTest">
    <skipped/>
  </testcase> <!-- @AfterMethod end -->
  <testcase name="@BeforeMethod initialization" time="0.0" classname="com.enhanzedadmin.qa.testcases.AssignTopicToUserTest">
    <skipped/>
  </testcase> <!-- @BeforeMethod initialization -->
  <testcase name="@BeforeMethod setup" time="0.0" classname="com.enhanzedadmin.qa.testcases.AssignTopicToUserTest">
    <skipped/>
  </testcase> <!-- @BeforeMethod setup -->
  <testcase name="@AfterMethod end" time="0.0" classname="com.enhanzedadmin.qa.testcases.AssignTopicToUserTest">
    <skipped/>
  </testcase> <!-- @AfterMethod end -->
  <testcase name="@BeforeMethod initialization" time="0.0" classname="com.enhanzedadmin.qa.testcases.AssignTopicToUserTest">
    <skipped/>
  </testcase> <!-- @BeforeMethod initialization -->
  <testcase name="@BeforeMethod setup" time="0.0" classname="com.enhanzedadmin.qa.testcases.AssignTopicToUserTest">
    <skipped/>
  </testcase> <!-- @BeforeMethod setup -->
  <testcase name="@AfterMethod end" time="0.0" classname="com.enhanzedadmin.qa.testcases.AssignTopicToUserTest">
    <skipped/>
  </testcase> <!-- @AfterMethod end -->
  <testcase name="@BeforeMethod initialization" time="0.0" classname="com.enhanzedadmin.qa.testcases.AssignTopicToUserTest">
    <skipped/>
  </testcase> <!-- @BeforeMethod initialization -->
  <testcase name="@BeforeMethod setup" time="0.0" classname="com.enhanzedadmin.qa.testcases.AssignTopicToUserTest">
    <skipped/>
  </testcase> <!-- @BeforeMethod setup -->
  <testcase name="@AfterMethod end" time="0.0" classname="com.enhanzedadmin.qa.testcases.AssignTopicToUserTest">
    <skipped/>
  </testcase> <!-- @AfterMethod end -->
  <testcase name="@BeforeMethod initialization" time="0.0" classname="com.enhanzedadmin.qa.testcases.AssignTopicToUserTest">
    <skipped/>
  </testcase> <!-- @BeforeMethod initialization -->
  <testcase name="@BeforeMethod setup" time="0.0" classname="com.enhanzedadmin.qa.testcases.AssignTopicToUserTest">
    <skipped/>
  </testcase> <!-- @BeforeMethod setup -->
  <testcase name="@AfterMethod end" time="0.0" classname="com.enhanzedadmin.qa.testcases.AssignTopicToUserTest">
    <skipped/>
  </testcase> <!-- @AfterMethod end -->
  <testcase name="@BeforeMethod initialization" time="0.0" classname="com.enhanzedadmin.qa.testcases.AssignTopicToUserTest">
    <skipped/>
  </testcase> <!-- @BeforeMethod initialization -->
  <testcase name="@BeforeMethod setup" time="0.0" classname="com.enhanzedadmin.qa.testcases.AssignTopicToUserTest">
    <skipped/>
  </testcase> <!-- @BeforeMethod setup -->
  <testcase name="@AfterMethod end" time="0.0" classname="com.enhanzedadmin.qa.testcases.AssignTopicToUserTest">
    <skipped/>
  </testcase> <!-- @AfterMethod end -->
  <testcase name="@BeforeMethod initialization" time="0.0" classname="com.enhanzedadmin.qa.testcases.AssignTopicToUserTest">
    <skipped/>
  </testcase> <!-- @BeforeMethod initialization -->
  <testcase name="@BeforeMethod setup" time="0.0" classname="com.enhanzedadmin.qa.testcases.AssignTopicToUserTest">
    <skipped/>
  </testcase> <!-- @BeforeMethod setup -->
  <testcase name="@AfterMethod end" time="0.0" classname="com.enhanzedadmin.qa.testcases.AssignTopicToUserTest">
    <skipped/>
  </testcase> <!-- @AfterMethod end -->
  <testcase name="@BeforeMethod initialization" time="0.0" classname="com.enhanzedadmin.qa.testcases.AssignTopicToUserTest">
    <skipped/>
  </testcase> <!-- @BeforeMethod initialization -->
  <testcase name="@BeforeMethod setup" time="0.0" classname="com.enhanzedadmin.qa.testcases.AssignTopicToUserTest">
    <skipped/>
  </testcase> <!-- @BeforeMethod setup -->
  <testcase name="@AfterMethod end" time="0.0" classname="com.enhanzedadmin.qa.testcases.AssignTopicToUserTest">
    <skipped/>
  </testcase> <!-- @AfterMethod end -->
  <testcase name="@BeforeMethod initialization" time="0.0" classname="com.enhanzedadmin.qa.testcases.AssignTopicToUserTest">
    <skipped/>
  </testcase> <!-- @BeforeMethod initialization -->
  <testcase name="@BeforeMethod setup" time="0.0" classname="com.enhanzedadmin.qa.testcases.AssignTopicToUserTest">
    <skipped/>
  </testcase> <!-- @BeforeMethod setup -->
  <testcase name="@AfterMethod end" time="0.0" classname="com.enhanzedadmin.qa.testcases.AssignTopicToUserTest">
    <skipped/>
  </testcase> <!-- @AfterMethod end -->
  <testcase name="@BeforeMethod initialization" time="0.0" classname="com.enhanzedadmin.qa.testcases.AssignTopicToUserTest">
    <skipped/>
  </testcase> <!-- @BeforeMethod initialization -->
  <testcase name="@BeforeMethod setup" time="0.0" classname="com.enhanzedadmin.qa.testcases.AssignTopicToUserTest">
    <skipped/>
  </testcase> <!-- @BeforeMethod setup -->
  <testcase name="@AfterMethod end" time="0.0" classname="com.enhanzedadmin.qa.testcases.AssignTopicToUserTest">
    <skipped/>
  </testcase> <!-- @AfterMethod end -->
  <testcase name="@BeforeMethod initialization" time="0.0" classname="com.enhanzedadmin.qa.testcases.AssignTopicToUserTest">
    <skipped/>
  </testcase> <!-- @BeforeMethod initialization -->
  <testcase name="@BeforeMethod setup" time="0.0" classname="com.enhanzedadmin.qa.testcases.AssignTopicToUserTest">
    <skipped/>
  </testcase> <!-- @BeforeMethod setup -->
  <testcase name="@AfterMethod end" time="0.0" classname="com.enhanzedadmin.qa.testcases.AssignTopicToUserTest">
    <skipped/>
  </testcase> <!-- @AfterMethod end -->
  <testcase name="@BeforeMethod initialization" time="0.0" classname="com.enhanzedadmin.qa.testcases.AssignTopicToUserTest">
    <skipped/>
  </testcase> <!-- @BeforeMethod initialization -->
  <testcase name="@BeforeMethod setup" time="0.0" classname="com.enhanzedadmin.qa.testcases.AssignTopicToUserTest">
    <skipped/>
  </testcase> <!-- @BeforeMethod setup -->
  <testcase name="@AfterMethod end" time="0.0" classname="com.enhanzedadmin.qa.testcases.AssignTopicToUserTest">
    <skipped/>
  </testcase> <!-- @AfterMethod end -->
  <testcase name="@BeforeMethod initialization" time="0.0" classname="com.enhanzedadmin.qa.testcases.AssignTopicToUserTest">
    <skipped/>
  </testcase> <!-- @BeforeMethod initialization -->
  <testcase name="@BeforeMethod setup" time="0.0" classname="com.enhanzedadmin.qa.testcases.AssignTopicToUserTest">
    <skipped/>
  </testcase> <!-- @BeforeMethod setup -->
  <testcase name="@AfterMethod end" time="0.0" classname="com.enhanzedadmin.qa.testcases.AssignTopicToUserTest">
    <skipped/>
  </testcase> <!-- @AfterMethod end -->
  <testcase name="@BeforeMethod initialization" time="0.0" classname="com.enhanzedadmin.qa.testcases.AssignTopicToUserTest">
    <skipped/>
  </testcase> <!-- @BeforeMethod initialization -->
  <testcase name="@BeforeMethod setup" time="0.0" classname="com.enhanzedadmin.qa.testcases.AssignTopicToUserTest">
    <skipped/>
  </testcase> <!-- @BeforeMethod setup -->
  <testcase name="@AfterMethod end" time="0.0" classname="com.enhanzedadmin.qa.testcases.AssignTopicToUserTest">
    <skipped/>
  </testcase> <!-- @AfterMethod end -->
  <testcase name="@BeforeMethod initialization" time="0.0" classname="com.enhanzedadmin.qa.testcases.AssignTopicToUserTest">
    <skipped/>
  </testcase> <!-- @BeforeMethod initialization -->
  <testcase name="@BeforeMethod setup" time="0.0" classname="com.enhanzedadmin.qa.testcases.AssignTopicToUserTest">
    <skipped/>
  </testcase> <!-- @BeforeMethod setup -->
  <testcase name="@AfterMethod end" time="0.0" classname="com.enhanzedadmin.qa.testcases.AssignTopicToUserTest">
    <skipped/>
  </testcase> <!-- @AfterMethod end -->
  <testcase name="@BeforeMethod initialization" time="0.0" classname="com.enhanzedadmin.qa.testcases.AssignTopicToUserTest">
    <skipped/>
  </testcase> <!-- @BeforeMethod initialization -->
  <testcase name="@BeforeMethod setup" time="0.0" classname="com.enhanzedadmin.qa.testcases.AssignTopicToUserTest">
    <skipped/>
  </testcase> <!-- @BeforeMethod setup -->
  <testcase name="@AfterMethod end" time="0.0" classname="com.enhanzedadmin.qa.testcases.AssignTopicToUserTest">
    <skipped/>
  </testcase> <!-- @AfterMethod end -->
  <testcase name="@BeforeMethod initialization" time="0.0" classname="com.enhanzedadmin.qa.testcases.AssignTopicToUserTest">
    <skipped/>
  </testcase> <!-- @BeforeMethod initialization -->
  <testcase name="@BeforeMethod setup" time="0.0" classname="com.enhanzedadmin.qa.testcases.AssignTopicToUserTest">
    <skipped/>
  </testcase> <!-- @BeforeMethod setup -->
  <testcase name="@AfterMethod end" time="0.0" classname="com.enhanzedadmin.qa.testcases.AssignTopicToUserTest">
    <skipped/>
  </testcase> <!-- @AfterMethod end -->
  <testcase name="@BeforeMethod initialization" time="0.0" classname="com.enhanzedadmin.qa.testcases.AssignTopicToUserTest">
    <skipped/>
  </testcase> <!-- @BeforeMethod initialization -->
  <testcase name="@BeforeMethod setup" time="0.0" classname="com.enhanzedadmin.qa.testcases.AssignTopicToUserTest">
    <skipped/>
  </testcase> <!-- @BeforeMethod setup -->
  <testcase name="@AfterMethod end" time="0.0" classname="com.enhanzedadmin.qa.testcases.AssignTopicToUserTest">
    <skipped/>
  </testcase> <!-- @AfterMethod end -->
  <testcase name="@BeforeMethod initialization" time="0.0" classname="com.enhanzedadmin.qa.testcases.AssignTopicToUserTest">
    <skipped/>
  </testcase> <!-- @BeforeMethod initialization -->
  <testcase name="@BeforeMethod setup" time="0.0" classname="com.enhanzedadmin.qa.testcases.AssignTopicToUserTest">
    <skipped/>
  </testcase> <!-- @BeforeMethod setup -->
  <testcase name="@AfterMethod end" time="0.0" classname="com.enhanzedadmin.qa.testcases.AssignTopicToUserTest">
    <skipped/>
  </testcase> <!-- @AfterMethod end -->
  <testcase name="@BeforeMethod initialization" time="0.0" classname="com.enhanzedadmin.qa.testcases.AssignTopicToUserTest">
    <skipped/>
  </testcase> <!-- @BeforeMethod initialization -->
  <testcase name="@BeforeMethod setup" time="0.0" classname="com.enhanzedadmin.qa.testcases.AssignTopicToUserTest">
    <skipped/>
  </testcase> <!-- @BeforeMethod setup -->
  <testcase name="@AfterMethod end" time="0.0" classname="com.enhanzedadmin.qa.testcases.AssignTopicToUserTest">
    <skipped/>
  </testcase> <!-- @AfterMethod end -->
  <testcase name="@BeforeMethod initialization" time="0.0" classname="com.enhanzedadmin.qa.testcases.AssignTopicToUserTest">
    <skipped/>
  </testcase> <!-- @BeforeMethod initialization -->
  <testcase name="@BeforeMethod setup" time="0.0" classname="com.enhanzedadmin.qa.testcases.AssignTopicToUserTest">
    <skipped/>
  </testcase> <!-- @BeforeMethod setup -->
  <testcase name="@AfterMethod end" time="0.0" classname="com.enhanzedadmin.qa.testcases.AssignTopicToUserTest">
    <skipped/>
  </testcase> <!-- @AfterMethod end -->
  <testcase name="@BeforeMethod initialization" time="0.0" classname="com.enhanzedadmin.qa.testcases.ContentManagecategorytest">
    <skipped/>
  </testcase> <!-- @BeforeMethod initialization -->
  <testcase name="@BeforeMethod setup" time="0.0" classname="com.enhanzedadmin.qa.testcases.ContentManagecategorytest">
    <skipped/>
  </testcase> <!-- @BeforeMethod setup -->
  <testcase name="@AfterMethod end" time="0.0" classname="com.enhanzedadmin.qa.testcases.ContentManagecategorytest">
    <skipped/>
  </testcase> <!-- @AfterMethod end -->
  <testcase name="@BeforeMethod initialization" time="0.0" classname="com.enhanzedadmin.qa.testcases.ContentManagecategorytest">
    <skipped/>
  </testcase> <!-- @BeforeMethod initialization -->
  <testcase name="@BeforeMethod setup" time="0.0" classname="com.enhanzedadmin.qa.testcases.ContentManagecategorytest">
    <skipped/>
  </testcase> <!-- @BeforeMethod setup -->
  <testcase name="@AfterMethod end" time="0.0" classname="com.enhanzedadmin.qa.testcases.ContentManagecategorytest">
    <skipped/>
  </testcase> <!-- @AfterMethod end -->
  <testcase name="@BeforeMethod initialization" time="0.0" classname="com.enhanzedadmin.qa.testcases.ContentManagecategorytest">
    <skipped/>
  </testcase> <!-- @BeforeMethod initialization -->
  <testcase name="@BeforeMethod setup" time="0.0" classname="com.enhanzedadmin.qa.testcases.ContentManagecategorytest">
    <skipped/>
  </testcase> <!-- @BeforeMethod setup -->
  <testcase name="@AfterMethod end" time="0.0" classname="com.enhanzedadmin.qa.testcases.ContentManagecategorytest">
    <skipped/>
  </testcase> <!-- @AfterMethod end -->
  <testcase name="@BeforeMethod initialization" time="0.0" classname="com.enhanzedadmin.qa.testcases.ContentManagecategorytest">
    <skipped/>
  </testcase> <!-- @BeforeMethod initialization -->
  <testcase name="@BeforeMethod setup" time="0.0" classname="com.enhanzedadmin.qa.testcases.ContentManagecategorytest">
    <skipped/>
  </testcase> <!-- @BeforeMethod setup -->
  <testcase name="@AfterMethod end" time="0.0" classname="com.enhanzedadmin.qa.testcases.ContentManagecategorytest">
    <skipped/>
  </testcase> <!-- @AfterMethod end -->
  <testcase name="@BeforeMethod initialization" time="0.0" classname="com.enhanzedadmin.qa.testcases.ContentManagecategorytest">
    <skipped/>
  </testcase> <!-- @BeforeMethod initialization -->
  <testcase name="@BeforeMethod setup" time="0.0" classname="com.enhanzedadmin.qa.testcases.ContentManagecategorytest">
    <skipped/>
  </testcase> <!-- @BeforeMethod setup -->
  <testcase name="@AfterMethod end" time="0.0" classname="com.enhanzedadmin.qa.testcases.ContentManagecategorytest">
    <skipped/>
  </testcase> <!-- @AfterMethod end -->
  <testcase name="@BeforeMethod initialization" time="0.0" classname="com.enhanzedadmin.qa.testcases.ContentManagecategorytest">
    <skipped/>
  </testcase> <!-- @BeforeMethod initialization -->
  <testcase name="@BeforeMethod setup" time="0.0" classname="com.enhanzedadmin.qa.testcases.ContentManagecategorytest">
    <skipped/>
  </testcase> <!-- @BeforeMethod setup -->
  <testcase name="@AfterMethod end" time="0.0" classname="com.enhanzedadmin.qa.testcases.ContentManagecategorytest">
    <skipped/>
  </testcase> <!-- @AfterMethod end -->
  <testcase name="@BeforeMethod initialization" time="0.0" classname="com.enhanzedadmin.qa.testcases.ContentManagecategorytest">
    <skipped/>
  </testcase> <!-- @BeforeMethod initialization -->
  <testcase name="@BeforeMethod setup" time="0.0" classname="com.enhanzedadmin.qa.testcases.ContentManagecategorytest">
    <skipped/>
  </testcase> <!-- @BeforeMethod setup -->
  <testcase name="@AfterMethod end" time="0.0" classname="com.enhanzedadmin.qa.testcases.ContentManagecategorytest">
    <skipped/>
  </testcase> <!-- @AfterMethod end -->
  <testcase name="@BeforeMethod initialization" time="0.0" classname="com.enhanzedadmin.qa.testcases.ContentManagecategorytest">
    <skipped/>
  </testcase> <!-- @BeforeMethod initialization -->
  <testcase name="@BeforeMethod setup" time="0.0" classname="com.enhanzedadmin.qa.testcases.ContentManagecategorytest">
    <skipped/>
  </testcase> <!-- @BeforeMethod setup -->
  <testcase name="@AfterMethod end" time="0.0" classname="com.enhanzedadmin.qa.testcases.ContentManagecategorytest">
    <skipped/>
  </testcase> <!-- @AfterMethod end -->
  <testcase name="@BeforeMethod initialization" time="0.0" classname="com.enhanzedadmin.qa.testcases.ContentManagecategorytest">
    <skipped/>
  </testcase> <!-- @BeforeMethod initialization -->
  <testcase name="@BeforeMethod setup" time="0.0" classname="com.enhanzedadmin.qa.testcases.ContentManagecategorytest">
    <skipped/>
  </testcase> <!-- @BeforeMethod setup -->
  <testcase name="@AfterMethod end" time="0.0" classname="com.enhanzedadmin.qa.testcases.ContentManagecategorytest">
    <skipped/>
  </testcase> <!-- @AfterMethod end -->
  <testcase name="@BeforeMethod initialization" time="0.0" classname="com.enhanzedadmin.qa.testcases.ContentManagecategorytest">
    <skipped/>
  </testcase> <!-- @BeforeMethod initialization -->
  <testcase name="@BeforeMethod setup" time="0.0" classname="com.enhanzedadmin.qa.testcases.ContentManagecategorytest">
    <skipped/>
  </testcase> <!-- @BeforeMethod setup -->
  <testcase name="@AfterMethod end" time="0.0" classname="com.enhanzedadmin.qa.testcases.ContentManagecategorytest">
    <skipped/>
  </testcase> <!-- @AfterMethod end -->
  <testcase name="@BeforeMethod initialization" time="0.0" classname="com.enhanzedadmin.qa.testcases.ContentManagecategorytest">
    <skipped/>
  </testcase> <!-- @BeforeMethod initialization -->
  <testcase name="@BeforeMethod setup" time="0.0" classname="com.enhanzedadmin.qa.testcases.ContentManagecategorytest">
    <skipped/>
  </testcase> <!-- @BeforeMethod setup -->
  <testcase name="@AfterMethod end" time="0.0" classname="com.enhanzedadmin.qa.testcases.ContentManagecategorytest">
    <skipped/>
  </testcase> <!-- @AfterMethod end -->
  <testcase name="@BeforeMethod initialization" time="0.0" classname="com.enhanzedadmin.qa.testcases.ContentManagecategorytest">
    <skipped/>
  </testcase> <!-- @BeforeMethod initialization -->
  <testcase name="@BeforeMethod setup" time="0.0" classname="com.enhanzedadmin.qa.testcases.ContentManagecategorytest">
    <skipped/>
  </testcase> <!-- @BeforeMethod setup -->
  <testcase name="@AfterMethod end" time="0.0" classname="com.enhanzedadmin.qa.testcases.ContentManagecategorytest">
    <skipped/>
  </testcase> <!-- @AfterMethod end -->
  <testcase name="@BeforeMethod initialization" time="0.0" classname="com.enhanzedadmin.qa.testcases.ContentManagecategorytest">
    <skipped/>
  </testcase> <!-- @BeforeMethod initialization -->
  <testcase name="@BeforeMethod setup" time="0.0" classname="com.enhanzedadmin.qa.testcases.ContentManagecategorytest">
    <skipped/>
  </testcase> <!-- @BeforeMethod setup -->
  <testcase name="@AfterMethod end" time="0.0" classname="com.enhanzedadmin.qa.testcases.ContentManagecategorytest">
    <skipped/>
  </testcase> <!-- @AfterMethod end -->
  <testcase name="@BeforeMethod initialization" time="0.0" classname="com.enhanzedadmin.qa.testcases.ContentManagecategorytest">
    <skipped/>
  </testcase> <!-- @BeforeMethod initialization -->
  <testcase name="@BeforeMethod setup" time="0.0" classname="com.enhanzedadmin.qa.testcases.ContentManagecategorytest">
    <skipped/>
  </testcase> <!-- @BeforeMethod setup -->
  <testcase name="@AfterMethod end" time="0.0" classname="com.enhanzedadmin.qa.testcases.ContentManagecategorytest">
    <skipped/>
  </testcase> <!-- @AfterMethod end -->
  <testcase name="@BeforeMethod initialization" time="0.0" classname="com.enhanzedadmin.qa.testcases.ContentManagecategorytest">
    <skipped/>
  </testcase> <!-- @BeforeMethod initialization -->
  <testcase name="@BeforeMethod setup" time="0.0" classname="com.enhanzedadmin.qa.testcases.ContentManagecategorytest">
    <skipped/>
  </testcase> <!-- @BeforeMethod setup -->
  <testcase name="@AfterMethod end" time="0.0" classname="com.enhanzedadmin.qa.testcases.ContentManagecategorytest">
    <skipped/>
  </testcase> <!-- @AfterMethod end -->
  <testcase name="@BeforeMethod initialization" time="0.0" classname="com.enhanzedadmin.qa.testcases.ContentManagecategorytest">
    <skipped/>
  </testcase> <!-- @BeforeMethod initialization -->
  <testcase name="@BeforeMethod setup" time="0.0" classname="com.enhanzedadmin.qa.testcases.ContentManagecategorytest">
    <skipped/>
  </testcase> <!-- @BeforeMethod setup -->
  <testcase name="@AfterMethod end" time="0.0" classname="com.enhanzedadmin.qa.testcases.ContentManagecategorytest">
    <skipped/>
  </testcase> <!-- @AfterMethod end -->
  <testcase name="@BeforeMethod initialization" time="0.0" classname="com.enhanzedadmin.qa.testcases.ContentManagecategorytest">
    <skipped/>
  </testcase> <!-- @BeforeMethod initialization -->
  <testcase name="@BeforeMethod setup" time="0.0" classname="com.enhanzedadmin.qa.testcases.ContentManagecategorytest">
    <skipped/>
  </testcase> <!-- @BeforeMethod setup -->
  <testcase name="@AfterMethod end" time="0.0" classname="com.enhanzedadmin.qa.testcases.ContentManagecategorytest">
    <skipped/>
  </testcase> <!-- @AfterMethod end -->
  <testcase name="@BeforeMethod initialization" time="0.0" classname="com.enhanzedadmin.qa.testcases.ContentManagecategorytest">
    <skipped/>
  </testcase> <!-- @BeforeMethod initialization -->
  <testcase name="@BeforeMethod setup" time="0.0" classname="com.enhanzedadmin.qa.testcases.ContentManagecategorytest">
    <skipped/>
  </testcase> <!-- @BeforeMethod setup -->
  <testcase name="@AfterMethod end" time="0.0" classname="com.enhanzedadmin.qa.testcases.ContentManagecategorytest">
    <skipped/>
  </testcase> <!-- @AfterMethod end -->
  <testcase name="@BeforeMethod initialization" time="0.0" classname="com.enhanzedadmin.qa.testcases.ContentManagecategorytest">
    <skipped/>
  </testcase> <!-- @BeforeMethod initialization -->
  <testcase name="@BeforeMethod setup" time="0.0" classname="com.enhanzedadmin.qa.testcases.ContentManagecategorytest">
    <skipped/>
  </testcase> <!-- @BeforeMethod setup -->
  <testcase name="@AfterMethod end" time="0.0" classname="com.enhanzedadmin.qa.testcases.ContentManagecategorytest">
    <skipped/>
  </testcase> <!-- @AfterMethod end -->
  <testcase name="@BeforeMethod initialization" time="0.0" classname="com.enhanzedadmin.qa.testcases.ContentManagecategorytest">
    <skipped/>
  </testcase> <!-- @BeforeMethod initialization -->
  <testcase name="@BeforeMethod setup" time="0.0" classname="com.enhanzedadmin.qa.testcases.ContentManagecategorytest">
    <skipped/>
  </testcase> <!-- @BeforeMethod setup -->
  <testcase name="@AfterMethod end" time="0.0" classname="com.enhanzedadmin.qa.testcases.ContentManagecategorytest">
    <skipped/>
  </testcase> <!-- @AfterMethod end -->
  <testcase name="@BeforeMethod initialization" time="0.0" classname="com.enhanzedadmin.qa.testcases.ContentManagecategorytest">
    <skipped/>
  </testcase> <!-- @BeforeMethod initialization -->
  <testcase name="@BeforeMethod setup" time="0.0" classname="com.enhanzedadmin.qa.testcases.ContentManagecategorytest">
    <skipped/>
  </testcase> <!-- @BeforeMethod setup -->
  <testcase name="@AfterMethod end" time="0.0" classname="com.enhanzedadmin.qa.testcases.ContentManagecategorytest">
    <skipped/>
  </testcase> <!-- @AfterMethod end -->
  <testcase name="@BeforeMethod initialization" time="0.0" classname="com.enhanzedadmin.qa.testcases.ContentManagecategorytest">
    <skipped/>
  </testcase> <!-- @BeforeMethod initialization -->
  <testcase name="@BeforeMethod setup" time="0.0" classname="com.enhanzedadmin.qa.testcases.ContentManagecategorytest">
    <skipped/>
  </testcase> <!-- @BeforeMethod setup -->
  <testcase name="@AfterMethod end" time="0.0" classname="com.enhanzedadmin.qa.testcases.ContentManagecategorytest">
    <skipped/>
  </testcase> <!-- @AfterMethod end -->
  <testcase name="@BeforeMethod initialization" time="0.0" classname="com.enhanzedadmin.qa.testcases.ContentManagecategorytest">
    <skipped/>
  </testcase> <!-- @BeforeMethod initialization -->
  <testcase name="@BeforeMethod setup" time="0.0" classname="com.enhanzedadmin.qa.testcases.ContentManagecategorytest">
    <skipped/>
  </testcase> <!-- @BeforeMethod setup -->
  <testcase name="@AfterMethod end" time="0.0" classname="com.enhanzedadmin.qa.testcases.ContentManagecategorytest">
    <skipped/>
  </testcase> <!-- @AfterMethod end -->
  <testcase name="@BeforeMethod initialization" time="0.0" classname="com.enhanzedadmin.qa.testcases.ContentManagecategorytest">
    <skipped/>
  </testcase> <!-- @BeforeMethod initialization -->
  <testcase name="@BeforeMethod setup" time="0.0" classname="com.enhanzedadmin.qa.testcases.ContentManagecategorytest">
    <skipped/>
  </testcase> <!-- @BeforeMethod setup -->
  <testcase name="@AfterMethod end" time="0.0" classname="com.enhanzedadmin.qa.testcases.ContentManagecategorytest">
    <skipped/>
  </testcase> <!-- @AfterMethod end -->
  <testcase name="@BeforeMethod initialization" time="0.0" classname="com.enhanzedadmin.qa.testcases.ContentManagecategorytest">
    <skipped/>
  </testcase> <!-- @BeforeMethod initialization -->
  <testcase name="@BeforeMethod setup" time="0.0" classname="com.enhanzedadmin.qa.testcases.ContentManagecategorytest">
    <skipped/>
  </testcase> <!-- @BeforeMethod setup -->
  <testcase name="@AfterMethod end" time="0.0" classname="com.enhanzedadmin.qa.testcases.ContentManagecategorytest">
    <skipped/>
  </testcase> <!-- @AfterMethod end -->
  <testcase name="@BeforeMethod initialization" time="0.0" classname="com.enhanzedadmin.qa.testcases.ContentManagecategorytest">
    <skipped/>
  </testcase> <!-- @BeforeMethod initialization -->
  <testcase name="@BeforeMethod setup" time="0.0" classname="com.enhanzedadmin.qa.testcases.ContentManagecategorytest">
    <skipped/>
  </testcase> <!-- @BeforeMethod setup -->
  <testcase name="@AfterMethod end" time="0.0" classname="com.enhanzedadmin.qa.testcases.ContentManagecategorytest">
    <skipped/>
  </testcase> <!-- @AfterMethod end -->
  <testcase name="@BeforeMethod initialization" time="0.0" classname="com.enhanzedadmin.qa.testcases.ContentManagecategorytest">
    <skipped/>
  </testcase> <!-- @BeforeMethod initialization -->
  <testcase name="@BeforeMethod setup" time="0.0" classname="com.enhanzedadmin.qa.testcases.ContentManagecategorytest">
    <skipped/>
  </testcase> <!-- @BeforeMethod setup -->
  <testcase name="@AfterMethod end" time="0.0" classname="com.enhanzedadmin.qa.testcases.ContentManagecategorytest">
    <skipped/>
  </testcase> <!-- @AfterMethod end -->
  <testcase name="@BeforeMethod initialization" time="0.0" classname="com.enhanzedadmin.qa.testcases.ContentManagecategorytest">
    <skipped/>
  </testcase> <!-- @BeforeMethod initialization -->
  <testcase name="@BeforeMethod setup" time="0.0" classname="com.enhanzedadmin.qa.testcases.ContentManagecategorytest">
    <skipped/>
  </testcase> <!-- @BeforeMethod setup -->
  <testcase name="@AfterMethod end" time="0.0" classname="com.enhanzedadmin.qa.testcases.ContentManagecategorytest">
    <skipped/>
  </testcase> <!-- @AfterMethod end -->
  <testcase name="@BeforeMethod initialization" time="0.0" classname="com.enhanzedadmin.qa.testcases.ContentManagecategorytest">
    <skipped/>
  </testcase> <!-- @BeforeMethod initialization -->
  <testcase name="@BeforeMethod setup" time="0.0" classname="com.enhanzedadmin.qa.testcases.ContentManagecategorytest">
    <skipped/>
  </testcase> <!-- @BeforeMethod setup -->
  <testcase name="@AfterMethod end" time="0.0" classname="com.enhanzedadmin.qa.testcases.ContentManagecategorytest">
    <skipped/>
  </testcase> <!-- @AfterMethod end -->
  <testcase name="@BeforeMethod initialization" time="0.0" classname="com.enhanzedadmin.qa.testcases.ContentManagecategorytest">
    <skipped/>
  </testcase> <!-- @BeforeMethod initialization -->
  <testcase name="@BeforeMethod setup" time="0.0" classname="com.enhanzedadmin.qa.testcases.ContentManagecategorytest">
    <skipped/>
  </testcase> <!-- @BeforeMethod setup -->
  <testcase name="@AfterMethod end" time="0.0" classname="com.enhanzedadmin.qa.testcases.ContentManagecategorytest">
    <skipped/>
  </testcase> <!-- @AfterMethod end -->
  <testcase name="@BeforeMethod initialization" time="0.0" classname="com.enhanzedadmin.qa.testcases.ContentManagecategorytest">
    <skipped/>
  </testcase> <!-- @BeforeMethod initialization -->
  <testcase name="@BeforeMethod setup" time="0.0" classname="com.enhanzedadmin.qa.testcases.ContentManagecategorytest">
    <skipped/>
  </testcase> <!-- @BeforeMethod setup -->
  <testcase name="@AfterMethod end" time="0.0" classname="com.enhanzedadmin.qa.testcases.ContentManagecategorytest">
    <skipped/>
  </testcase> <!-- @AfterMethod end -->
  <testcase name="@BeforeMethod initialization" time="0.0" classname="com.enhanzedadmin.qa.testcases.ContentManagecategorytest">
    <skipped/>
  </testcase> <!-- @BeforeMethod initialization -->
  <testcase name="@BeforeMethod setup" time="0.0" classname="com.enhanzedadmin.qa.testcases.ContentManagecategorytest">
    <skipped/>
  </testcase> <!-- @BeforeMethod setup -->
  <testcase name="@AfterMethod end" time="0.0" classname="com.enhanzedadmin.qa.testcases.ContentManagecategorytest">
    <skipped/>
  </testcase> <!-- @AfterMethod end -->
  <testcase name="@BeforeMethod initialization" time="0.0" classname="com.enhanzedadmin.qa.testcases.ContentManagecategorytest">
    <skipped/>
  </testcase> <!-- @BeforeMethod initialization -->
  <testcase name="@BeforeMethod setup" time="0.0" classname="com.enhanzedadmin.qa.testcases.ContentManagecategorytest">
    <skipped/>
  </testcase> <!-- @BeforeMethod setup -->
  <testcase name="@AfterMethod end" time="0.0" classname="com.enhanzedadmin.qa.testcases.ContentManagecategorytest">
    <skipped/>
  </testcase> <!-- @AfterMethod end -->
  <testcase name="@BeforeMethod initialization" time="0.0" classname="com.enhanzedadmin.qa.testcases.ContentManagecategorytest">
    <skipped/>
  </testcase> <!-- @BeforeMethod initialization -->
  <testcase name="@BeforeMethod setup" time="0.0" classname="com.enhanzedadmin.qa.testcases.ContentManagecategorytest">
    <skipped/>
  </testcase> <!-- @BeforeMethod setup -->
  <testcase name="@AfterMethod end" time="0.0" classname="com.enhanzedadmin.qa.testcases.ContentManagecategorytest">
    <skipped/>
  </testcase> <!-- @AfterMethod end -->
  <testcase name="@BeforeMethod initialization" time="0.0" classname="com.enhanzedadmin.qa.testcases.ContentManagecategorytest">
    <skipped/>
  </testcase> <!-- @BeforeMethod initialization -->
  <testcase name="@BeforeMethod setup" time="0.0" classname="com.enhanzedadmin.qa.testcases.ContentManagecategorytest">
    <skipped/>
  </testcase> <!-- @BeforeMethod setup -->
  <testcase name="@AfterMethod end" time="0.0" classname="com.enhanzedadmin.qa.testcases.ContentManagecategorytest">
    <skipped/>
  </testcase> <!-- @AfterMethod end -->
  <testcase name="@BeforeMethod initialization" time="0.0" classname="com.enhanzedadmin.qa.testcases.ContentManagecategorytest">
    <skipped/>
  </testcase> <!-- @BeforeMethod initialization -->
  <testcase name="@BeforeMethod setup" time="0.0" classname="com.enhanzedadmin.qa.testcases.ContentManagecategorytest">
    <skipped/>
  </testcase> <!-- @BeforeMethod setup -->
  <testcase name="@AfterMethod end" time="0.0" classname="com.enhanzedadmin.qa.testcases.ContentManagecategorytest">
    <skipped/>
  </testcase> <!-- @AfterMethod end -->
  <testcase name="@BeforeMethod initialization" time="0.0" classname="com.enhanzedadmin.qa.testcases.ContentManagecategorytest">
    <skipped/>
  </testcase> <!-- @BeforeMethod initialization -->
  <testcase name="@BeforeMethod setup" time="0.0" classname="com.enhanzedadmin.qa.testcases.ContentManagecategorytest">
    <skipped/>
  </testcase> <!-- @BeforeMethod setup -->
  <testcase name="@AfterMethod end" time="0.0" classname="com.enhanzedadmin.qa.testcases.ContentManagecategorytest">
    <skipped/>
  </testcase> <!-- @AfterMethod end -->
  <testcase name="@BeforeMethod initialization" time="0.0" classname="com.enhanzedadmin.qa.testcases.ContentManagecategorytest">
    <skipped/>
  </testcase> <!-- @BeforeMethod initialization -->
  <testcase name="@BeforeMethod setup" time="0.0" classname="com.enhanzedadmin.qa.testcases.ContentManagecategorytest">
    <skipped/>
  </testcase> <!-- @BeforeMethod setup -->
  <testcase name="@AfterMethod end" time="0.0" classname="com.enhanzedadmin.qa.testcases.ContentManagecategorytest">
    <skipped/>
  </testcase> <!-- @AfterMethod end -->
  <testcase name="@BeforeMethod initialization" time="0.0" classname="com.enhanzedadmin.qa.testcases.ContentManagecategorytest">
    <skipped/>
  </testcase> <!-- @BeforeMethod initialization -->
  <testcase name="@BeforeMethod setup" time="0.0" classname="com.enhanzedadmin.qa.testcases.ContentManagecategorytest">
    <skipped/>
  </testcase> <!-- @BeforeMethod setup -->
  <testcase name="@AfterMethod end" time="0.0" classname="com.enhanzedadmin.qa.testcases.ContentManagecategorytest">
    <skipped/>
  </testcase> <!-- @AfterMethod end -->
  <testcase name="@BeforeMethod initialization" time="0.0" classname="com.enhanzedadmin.qa.testcases.ContentManagecategorytest">
    <skipped/>
  </testcase> <!-- @BeforeMethod initialization -->
  <testcase name="@BeforeMethod setup" time="0.0" classname="com.enhanzedadmin.qa.testcases.ContentManagecategorytest">
    <skipped/>
  </testcase> <!-- @BeforeMethod setup -->
  <testcase name="@AfterMethod end" time="0.0" classname="com.enhanzedadmin.qa.testcases.ContentManagecategorytest">
    <skipped/>
  </testcase> <!-- @AfterMethod end -->
  <testcase name="@BeforeMethod initialization" time="0.0" classname="com.enhanzedadmin.qa.testcases.ContentManagecategorytest">
    <skipped/>
  </testcase> <!-- @BeforeMethod initialization -->
  <testcase name="@BeforeMethod setup" time="0.0" classname="com.enhanzedadmin.qa.testcases.ContentManagecategorytest">
    <skipped/>
  </testcase> <!-- @BeforeMethod setup -->
  <testcase name="@AfterMethod end" time="0.0" classname="com.enhanzedadmin.qa.testcases.ContentManagecategorytest">
    <skipped/>
  </testcase> <!-- @AfterMethod end -->
  <testcase name="@BeforeMethod initialization" time="0.0" classname="com.enhanzedadmin.qa.testcases.ContentManagecategorytest">
    <skipped/>
  </testcase> <!-- @BeforeMethod initialization -->
  <testcase name="@BeforeMethod setup" time="0.0" classname="com.enhanzedadmin.qa.testcases.ContentManagecategorytest">
    <skipped/>
  </testcase> <!-- @BeforeMethod setup -->
  <testcase name="@AfterMethod end" time="0.0" classname="com.enhanzedadmin.qa.testcases.ContentManagecategorytest">
    <skipped/>
  </testcase> <!-- @AfterMethod end -->
  <testcase name="@BeforeMethod initialization" time="0.0" classname="com.enhanzedadmin.qa.testcases.ContentManagecategorytest">
    <skipped/>
  </testcase> <!-- @BeforeMethod initialization -->
  <testcase name="@BeforeMethod setup" time="0.0" classname="com.enhanzedadmin.qa.testcases.ContentManagecategorytest">
    <skipped/>
  </testcase> <!-- @BeforeMethod setup -->
  <testcase name="@AfterMethod end" time="0.0" classname="com.enhanzedadmin.qa.testcases.ContentManagecategorytest">
    <skipped/>
  </testcase> <!-- @AfterMethod end -->
  <testcase name="@BeforeMethod initialization" time="0.0" classname="com.enhanzedadmin.qa.testcases.ContentManagecategorytest">
    <skipped/>
  </testcase> <!-- @BeforeMethod initialization -->
  <testcase name="@BeforeMethod setup" time="0.0" classname="com.enhanzedadmin.qa.testcases.ContentManagecategorytest">
    <skipped/>
  </testcase> <!-- @BeforeMethod setup -->
  <testcase name="@AfterMethod end" time="0.0" classname="com.enhanzedadmin.qa.testcases.ContentManagecategorytest">
    <skipped/>
  </testcase> <!-- @AfterMethod end -->
  <testcase name="@BeforeMethod initialization" time="0.0" classname="com.enhanzedadmin.qa.testcases.ContentManageObjectsTest">
    <skipped/>
  </testcase> <!-- @BeforeMethod initialization -->
  <testcase name="@BeforeMethod setup" time="0.0" classname="com.enhanzedadmin.qa.testcases.ContentManageObjectsTest">
    <skipped/>
  </testcase> <!-- @BeforeMethod setup -->
  <testcase name="@AfterMethod end" time="0.0" classname="com.enhanzedadmin.qa.testcases.ContentManageObjectsTest">
    <skipped/>
  </testcase> <!-- @AfterMethod end -->
  <testcase name="@BeforeMethod initialization" time="0.0" classname="com.enhanzedadmin.qa.testcases.ContentManageObjectsTest">
    <skipped/>
  </testcase> <!-- @BeforeMethod initialization -->
  <testcase name="@BeforeMethod setup" time="0.0" classname="com.enhanzedadmin.qa.testcases.ContentManageObjectsTest">
    <skipped/>
  </testcase> <!-- @BeforeMethod setup -->
  <testcase name="@AfterMethod end" time="0.0" classname="com.enhanzedadmin.qa.testcases.ContentManageObjectsTest">
    <skipped/>
  </testcase> <!-- @AfterMethod end -->
  <testcase name="@BeforeMethod initialization" time="0.0" classname="com.enhanzedadmin.qa.testcases.ContentManageObjectsTest">
    <skipped/>
  </testcase> <!-- @BeforeMethod initialization -->
  <testcase name="@BeforeMethod setup" time="0.0" classname="com.enhanzedadmin.qa.testcases.ContentManageObjectsTest">
    <skipped/>
  </testcase> <!-- @BeforeMethod setup -->
  <testcase name="@AfterMethod end" time="0.0" classname="com.enhanzedadmin.qa.testcases.ContentManageObjectsTest">
    <skipped/>
  </testcase> <!-- @AfterMethod end -->
  <testcase name="@BeforeMethod initialization" time="0.0" classname="com.enhanzedadmin.qa.testcases.ContentManageObjectsTest">
    <skipped/>
  </testcase> <!-- @BeforeMethod initialization -->
  <testcase name="@BeforeMethod setup" time="0.0" classname="com.enhanzedadmin.qa.testcases.ContentManageObjectsTest">
    <skipped/>
  </testcase> <!-- @BeforeMethod setup -->
  <testcase name="@AfterMethod end" time="0.0" classname="com.enhanzedadmin.qa.testcases.ContentManageObjectsTest">
    <skipped/>
  </testcase> <!-- @AfterMethod end -->
  <testcase name="@BeforeMethod initialization" time="0.0" classname="com.enhanzedadmin.qa.testcases.ContentManageObjectsTest">
    <skipped/>
  </testcase> <!-- @BeforeMethod initialization -->
  <testcase name="@BeforeMethod setup" time="0.0" classname="com.enhanzedadmin.qa.testcases.ContentManageObjectsTest">
    <skipped/>
  </testcase> <!-- @BeforeMethod setup -->
  <testcase name="@AfterMethod end" time="0.0" classname="com.enhanzedadmin.qa.testcases.ContentManageObjectsTest">
    <skipped/>
  </testcase> <!-- @AfterMethod end -->
  <testcase name="@BeforeMethod initialization" time="0.0" classname="com.enhanzedadmin.qa.testcases.ContentManageObjectsTest">
    <skipped/>
  </testcase> <!-- @BeforeMethod initialization -->
  <testcase name="@BeforeMethod setup" time="0.0" classname="com.enhanzedadmin.qa.testcases.ContentManageObjectsTest">
    <skipped/>
  </testcase> <!-- @BeforeMethod setup -->
  <testcase name="@AfterMethod end" time="0.0" classname="com.enhanzedadmin.qa.testcases.ContentManageObjectsTest">
    <skipped/>
  </testcase> <!-- @AfterMethod end -->
  <testcase name="@BeforeMethod initialization" time="0.0" classname="com.enhanzedadmin.qa.testcases.ContentManageObjectsTest">
    <skipped/>
  </testcase> <!-- @BeforeMethod initialization -->
  <testcase name="@BeforeMethod setup" time="0.0" classname="com.enhanzedadmin.qa.testcases.ContentManageObjectsTest">
    <skipped/>
  </testcase> <!-- @BeforeMethod setup -->
  <testcase name="@AfterMethod end" time="0.0" classname="com.enhanzedadmin.qa.testcases.ContentManageObjectsTest">
    <skipped/>
  </testcase> <!-- @AfterMethod end -->
  <testcase name="@BeforeMethod initialization" time="0.0" classname="com.enhanzedadmin.qa.testcases.ContentManageObjectsTest">
    <skipped/>
  </testcase> <!-- @BeforeMethod initialization -->
  <testcase name="@BeforeMethod setup" time="0.0" classname="com.enhanzedadmin.qa.testcases.ContentManageObjectsTest">
    <skipped/>
  </testcase> <!-- @BeforeMethod setup -->
  <testcase name="@AfterMethod end" time="0.0" classname="com.enhanzedadmin.qa.testcases.ContentManageObjectsTest">
    <skipped/>
  </testcase> <!-- @AfterMethod end -->
  <testcase name="@BeforeMethod initialization" time="0.0" classname="com.enhanzedadmin.qa.testcases.ContentManageObjectsTest">
    <skipped/>
  </testcase> <!-- @BeforeMethod initialization -->
  <testcase name="@BeforeMethod setup" time="0.0" classname="com.enhanzedadmin.qa.testcases.ContentManageObjectsTest">
    <skipped/>
  </testcase> <!-- @BeforeMethod setup -->
  <testcase name="@AfterMethod end" time="0.0" classname="com.enhanzedadmin.qa.testcases.ContentManageObjectsTest">
    <skipped/>
  </testcase> <!-- @AfterMethod end -->
  <testcase name="@BeforeMethod initialization" time="0.0" classname="com.enhanzedadmin.qa.testcases.ContentManageObjectsTest">
    <skipped/>
  </testcase> <!-- @BeforeMethod initialization -->
  <testcase name="@BeforeMethod setup" time="0.0" classname="com.enhanzedadmin.qa.testcases.ContentManageObjectsTest">
    <skipped/>
  </testcase> <!-- @BeforeMethod setup -->
  <testcase name="@AfterMethod end" time="0.0" classname="com.enhanzedadmin.qa.testcases.ContentManageObjectsTest">
    <skipped/>
  </testcase> <!-- @AfterMethod end -->
  <testcase name="@BeforeMethod initialization" time="0.0" classname="com.enhanzedadmin.qa.testcases.ContentManageObjectsTest">
    <skipped/>
  </testcase> <!-- @BeforeMethod initialization -->
  <testcase name="@BeforeMethod setup" time="0.0" classname="com.enhanzedadmin.qa.testcases.ContentManageObjectsTest">
    <skipped/>
  </testcase> <!-- @BeforeMethod setup -->
  <testcase name="@AfterMethod end" time="0.0" classname="com.enhanzedadmin.qa.testcases.ContentManageObjectsTest">
    <skipped/>
  </testcase> <!-- @AfterMethod end -->
  <testcase name="@BeforeMethod initialization" time="0.0" classname="com.enhanzedadmin.qa.testcases.ContentManageObjectsTest">
    <skipped/>
  </testcase> <!-- @BeforeMethod initialization -->
  <testcase name="@BeforeMethod setup" time="0.0" classname="com.enhanzedadmin.qa.testcases.ContentManageObjectsTest">
    <skipped/>
  </testcase> <!-- @BeforeMethod setup -->
  <testcase name="@AfterMethod end" time="0.0" classname="com.enhanzedadmin.qa.testcases.ContentManageObjectsTest">
    <skipped/>
  </testcase> <!-- @AfterMethod end -->
  <testcase name="@BeforeMethod initialization" time="0.0" classname="com.enhanzedadmin.qa.testcases.ContentManageObjectsTest">
    <skipped/>
  </testcase> <!-- @BeforeMethod initialization -->
  <testcase name="@BeforeMethod setup" time="0.0" classname="com.enhanzedadmin.qa.testcases.ContentManageObjectsTest">
    <skipped/>
  </testcase> <!-- @BeforeMethod setup -->
  <testcase name="@AfterMethod end" time="0.0" classname="com.enhanzedadmin.qa.testcases.ContentManageObjectsTest">
    <skipped/>
  </testcase> <!-- @AfterMethod end -->
  <testcase name="@BeforeMethod initialization" time="0.0" classname="com.enhanzedadmin.qa.testcases.ContentManageObjectsTest">
    <skipped/>
  </testcase> <!-- @BeforeMethod initialization -->
  <testcase name="@BeforeMethod setup" time="0.0" classname="com.enhanzedadmin.qa.testcases.ContentManageObjectsTest">
    <skipped/>
  </testcase> <!-- @BeforeMethod setup -->
  <testcase name="@AfterMethod end" time="0.0" classname="com.enhanzedadmin.qa.testcases.ContentManageObjectsTest">
    <skipped/>
  </testcase> <!-- @AfterMethod end -->
  <testcase name="@BeforeMethod initialization" time="0.0" classname="com.enhanzedadmin.qa.testcases.ContentManageObjectsTest">
    <skipped/>
  </testcase> <!-- @BeforeMethod initialization -->
  <testcase name="@BeforeMethod setup" time="0.0" classname="com.enhanzedadmin.qa.testcases.ContentManageObjectsTest">
    <skipped/>
  </testcase> <!-- @BeforeMethod setup -->
  <testcase name="@AfterMethod end" time="0.0" classname="com.enhanzedadmin.qa.testcases.ContentManageObjectsTest">
    <skipped/>
  </testcase> <!-- @AfterMethod end -->
  <testcase name="@BeforeMethod initialization" time="0.0" classname="com.enhanzedadmin.qa.testcases.ContentManageObjectsTest">
    <skipped/>
  </testcase> <!-- @BeforeMethod initialization -->
  <testcase name="@BeforeMethod setup" time="0.0" classname="com.enhanzedadmin.qa.testcases.ContentManageObjectsTest">
    <skipped/>
  </testcase> <!-- @BeforeMethod setup -->
  <testcase name="@AfterMethod end" time="0.0" classname="com.enhanzedadmin.qa.testcases.ContentManageObjectsTest">
    <skipped/>
  </testcase> <!-- @AfterMethod end -->
  <testcase name="@BeforeMethod initialization" time="0.0" classname="com.enhanzedadmin.qa.testcases.ContentManageObjectsTest">
    <skipped/>
  </testcase> <!-- @BeforeMethod initialization -->
  <testcase name="@BeforeMethod setup" time="0.0" classname="com.enhanzedadmin.qa.testcases.ContentManageObjectsTest">
    <skipped/>
  </testcase> <!-- @BeforeMethod setup -->
  <testcase name="@AfterMethod end" time="0.0" classname="com.enhanzedadmin.qa.testcases.ContentManageObjectsTest">
    <skipped/>
  </testcase> <!-- @AfterMethod end -->
  <testcase name="@BeforeMethod initialization" time="0.0" classname="com.enhanzedadmin.qa.testcases.ContentManageObjectsTest">
    <skipped/>
  </testcase> <!-- @BeforeMethod initialization -->
  <testcase name="@BeforeMethod setup" time="0.0" classname="com.enhanzedadmin.qa.testcases.ContentManageObjectsTest">
    <skipped/>
  </testcase> <!-- @BeforeMethod setup -->
  <testcase name="@AfterMethod end" time="0.0" classname="com.enhanzedadmin.qa.testcases.ContentManageObjectsTest">
    <skipped/>
  </testcase> <!-- @AfterMethod end -->
  <testcase name="@BeforeMethod initialization" time="0.0" classname="com.enhanzedadmin.qa.testcases.ContentManageObjectsTest">
    <skipped/>
  </testcase> <!-- @BeforeMethod initialization -->
  <testcase name="@BeforeMethod setup" time="0.0" classname="com.enhanzedadmin.qa.testcases.ContentManageObjectsTest">
    <skipped/>
  </testcase> <!-- @BeforeMethod setup -->
  <testcase name="@AfterMethod end" time="0.0" classname="com.enhanzedadmin.qa.testcases.ContentManageObjectsTest">
    <skipped/>
  </testcase> <!-- @AfterMethod end -->
  <testcase name="@BeforeMethod initialization" time="0.0" classname="com.enhanzedadmin.qa.testcases.ContentManageObjectsTest">
    <skipped/>
  </testcase> <!-- @BeforeMethod initialization -->
  <testcase name="@BeforeMethod setup" time="0.0" classname="com.enhanzedadmin.qa.testcases.ContentManageObjectsTest">
    <skipped/>
  </testcase> <!-- @BeforeMethod setup -->
  <testcase name="@AfterMethod end" time="0.0" classname="com.enhanzedadmin.qa.testcases.ContentManageObjectsTest">
    <skipped/>
  </testcase> <!-- @AfterMethod end -->
  <testcase name="@BeforeMethod initialization" time="0.0" classname="com.enhanzedadmin.qa.testcases.ContentManageObjectsTest">
    <skipped/>
  </testcase> <!-- @BeforeMethod initialization -->
  <testcase name="@BeforeMethod setup" time="0.0" classname="com.enhanzedadmin.qa.testcases.ContentManageObjectsTest">
    <skipped/>
  </testcase> <!-- @BeforeMethod setup -->
  <testcase name="@AfterMethod end" time="0.0" classname="com.enhanzedadmin.qa.testcases.ContentManageObjectsTest">
    <skipped/>
  </testcase> <!-- @AfterMethod end -->
  <testcase name="@BeforeMethod initialization" time="0.0" classname="com.enhanzedadmin.qa.testcases.ContentManageObjectsTest">
    <skipped/>
  </testcase> <!-- @BeforeMethod initialization -->
  <testcase name="@BeforeMethod setup" time="0.0" classname="com.enhanzedadmin.qa.testcases.ContentManageObjectsTest">
    <skipped/>
  </testcase> <!-- @BeforeMethod setup -->
  <testcase name="@AfterMethod end" time="0.0" classname="com.enhanzedadmin.qa.testcases.ContentManageObjectsTest">
    <skipped/>
  </testcase> <!-- @AfterMethod end -->
  <testcase name="@BeforeMethod initialization" time="0.0" classname="com.enhanzedadmin.qa.testcases.ContentManageObjectsTest">
    <skipped/>
  </testcase> <!-- @BeforeMethod initialization -->
  <testcase name="@BeforeMethod setup" time="0.0" classname="com.enhanzedadmin.qa.testcases.ContentManageObjectsTest">
    <skipped/>
  </testcase> <!-- @BeforeMethod setup -->
  <testcase name="@AfterMethod end" time="0.0" classname="com.enhanzedadmin.qa.testcases.ContentManageObjectsTest">
    <skipped/>
  </testcase> <!-- @AfterMethod end -->
  <testcase name="@BeforeMethod initialization" time="0.0" classname="com.enhanzedadmin.qa.testcases.ContentManageObjectsTest">
    <skipped/>
  </testcase> <!-- @BeforeMethod initialization -->
  <testcase name="@BeforeMethod setup" time="0.0" classname="com.enhanzedadmin.qa.testcases.ContentManageObjectsTest">
    <skipped/>
  </testcase> <!-- @BeforeMethod setup -->
  <testcase name="@AfterMethod end" time="0.0" classname="com.enhanzedadmin.qa.testcases.ContentManageObjectsTest">
    <skipped/>
  </testcase> <!-- @AfterMethod end -->
  <testcase name="@BeforeMethod initialization" time="0.0" classname="com.enhanzedadmin.qa.testcases.ContentManageObjectsTest">
    <skipped/>
  </testcase> <!-- @BeforeMethod initialization -->
  <testcase name="@BeforeMethod setup" time="0.0" classname="com.enhanzedadmin.qa.testcases.ContentManageObjectsTest">
    <skipped/>
  </testcase> <!-- @BeforeMethod setup -->
  <testcase name="@AfterMethod end" time="0.0" classname="com.enhanzedadmin.qa.testcases.ContentManageObjectsTest">
    <skipped/>
  </testcase> <!-- @AfterMethod end -->
  <testcase name="@BeforeMethod initialization" time="0.0" classname="com.enhanzedadmin.qa.testcases.ContentManageObjectsTest">
    <skipped/>
  </testcase> <!-- @BeforeMethod initialization -->
  <testcase name="@BeforeMethod setup" time="0.0" classname="com.enhanzedadmin.qa.testcases.ContentManageObjectsTest">
    <skipped/>
  </testcase> <!-- @BeforeMethod setup -->
  <testcase name="@AfterMethod end" time="0.0" classname="com.enhanzedadmin.qa.testcases.ContentManageObjectsTest">
    <skipped/>
  </testcase> <!-- @AfterMethod end -->
  <testcase name="@BeforeMethod initialization" time="0.0" classname="com.enhanzedadmin.qa.testcases.ContentManageObjectsTest">
    <skipped/>
  </testcase> <!-- @BeforeMethod initialization -->
  <testcase name="@BeforeMethod setup" time="0.0" classname="com.enhanzedadmin.qa.testcases.ContentManageObjectsTest">
    <skipped/>
  </testcase> <!-- @BeforeMethod setup -->
  <testcase name="@AfterMethod end" time="0.0" classname="com.enhanzedadmin.qa.testcases.ContentManageObjectsTest">
    <skipped/>
  </testcase> <!-- @AfterMethod end -->
  <testcase name="@BeforeMethod initialization" time="0.0" classname="com.enhanzedadmin.qa.testcases.ContentManageObjectsTest">
    <skipped/>
  </testcase> <!-- @BeforeMethod initialization -->
  <testcase name="@BeforeMethod setup" time="0.0" classname="com.enhanzedadmin.qa.testcases.ContentManageObjectsTest">
    <skipped/>
  </testcase> <!-- @BeforeMethod setup -->
  <testcase name="@AfterMethod end" time="0.0" classname="com.enhanzedadmin.qa.testcases.ContentManageObjectsTest">
    <skipped/>
  </testcase> <!-- @AfterMethod end -->
  <testcase name="@BeforeMethod initialization" time="0.0" classname="com.enhanzedadmin.qa.testcases.ContentManageObjectsTest">
    <skipped/>
  </testcase> <!-- @BeforeMethod initialization -->
  <testcase name="@BeforeMethod setup" time="0.0" classname="com.enhanzedadmin.qa.testcases.ContentManageObjectsTest">
    <skipped/>
  </testcase> <!-- @BeforeMethod setup -->
  <testcase name="@AfterMethod end" time="0.0" classname="com.enhanzedadmin.qa.testcases.ContentManageObjectsTest">
    <skipped/>
  </testcase> <!-- @AfterMethod end -->
  <testcase name="@BeforeMethod initialization" time="0.0" classname="com.enhanzedadmin.qa.testcases.ContentManageObjectsTest">
    <skipped/>
  </testcase> <!-- @BeforeMethod initialization -->
  <testcase name="@BeforeMethod setup" time="0.0" classname="com.enhanzedadmin.qa.testcases.ContentManageObjectsTest">
    <skipped/>
  </testcase> <!-- @BeforeMethod setup -->
  <testcase name="@AfterMethod end" time="0.0" classname="com.enhanzedadmin.qa.testcases.ContentManageObjectsTest">
    <skipped/>
  </testcase> <!-- @AfterMethod end -->
  <testcase name="@BeforeMethod initialization" time="0.0" classname="com.enhanzedadmin.qa.testcases.ContentManageObjectsTest">
    <skipped/>
  </testcase> <!-- @BeforeMethod initialization -->
  <testcase name="@BeforeMethod setup" time="0.0" classname="com.enhanzedadmin.qa.testcases.ContentManageObjectsTest">
    <skipped/>
  </testcase> <!-- @BeforeMethod setup -->
  <testcase name="@AfterMethod end" time="0.0" classname="com.enhanzedadmin.qa.testcases.ContentManageObjectsTest">
    <skipped/>
  </testcase> <!-- @AfterMethod end -->
  <testcase name="@BeforeMethod initialization" time="0.0" classname="com.enhanzedadmin.qa.testcases.ContentManageObjectsTest">
    <skipped/>
  </testcase> <!-- @BeforeMethod initialization -->
  <testcase name="@BeforeMethod setup" time="0.0" classname="com.enhanzedadmin.qa.testcases.ContentManageObjectsTest">
    <skipped/>
  </testcase> <!-- @BeforeMethod setup -->
  <testcase name="@AfterMethod end" time="0.0" classname="com.enhanzedadmin.qa.testcases.ContentManageObjectsTest">
    <skipped/>
  </testcase> <!-- @AfterMethod end -->
  <testcase name="@BeforeMethod initialization" time="0.0" classname="com.enhanzedadmin.qa.testcases.ContentManageObjectsTest">
    <skipped/>
  </testcase> <!-- @BeforeMethod initialization -->
  <testcase name="@BeforeMethod setup" time="0.0" classname="com.enhanzedadmin.qa.testcases.ContentManageObjectsTest">
    <skipped/>
  </testcase> <!-- @BeforeMethod setup -->
  <testcase name="@AfterMethod end" time="0.0" classname="com.enhanzedadmin.qa.testcases.ContentManageObjectsTest">
    <skipped/>
  </testcase> <!-- @AfterMethod end -->
  <testcase name="@BeforeMethod initialization" time="0.0" classname="com.enhanzedadmin.qa.testcases.ContentManageObjectsTest">
    <skipped/>
  </testcase> <!-- @BeforeMethod initialization -->
  <testcase name="@BeforeMethod setup" time="0.0" classname="com.enhanzedadmin.qa.testcases.ContentManageObjectsTest">
    <skipped/>
  </testcase> <!-- @BeforeMethod setup -->
  <testcase name="@AfterMethod end" time="0.0" classname="com.enhanzedadmin.qa.testcases.ContentManageObjectsTest">
    <skipped/>
  </testcase> <!-- @AfterMethod end -->
  <testcase name="@BeforeMethod initialization" time="0.0" classname="com.enhanzedadmin.qa.testcases.ContentManageObjectsTest">
    <skipped/>
  </testcase> <!-- @BeforeMethod initialization -->
  <testcase name="@BeforeMethod setup" time="0.0" classname="com.enhanzedadmin.qa.testcases.ContentManageObjectsTest">
    <skipped/>
  </testcase> <!-- @BeforeMethod setup -->
  <testcase name="@AfterMethod end" time="0.0" classname="com.enhanzedadmin.qa.testcases.ContentManageObjectsTest">
    <skipped/>
  </testcase> <!-- @AfterMethod end -->
  <testcase name="@BeforeMethod initialization" time="0.0" classname="com.enhanzedadmin.qa.testcases.ContentManageObjectsTest">
    <skipped/>
  </testcase> <!-- @BeforeMethod initialization -->
  <testcase name="@BeforeMethod setup" time="0.0" classname="com.enhanzedadmin.qa.testcases.ContentManageObjectsTest">
    <skipped/>
  </testcase> <!-- @BeforeMethod setup -->
  <testcase name="@AfterMethod end" time="0.0" classname="com.enhanzedadmin.qa.testcases.ContentManageObjectsTest">
    <skipped/>
  </testcase> <!-- @AfterMethod end -->
  <testcase name="@BeforeMethod initialization" time="0.0" classname="com.enhanzedadmin.qa.testcases.ContentManageObjectsTest">
    <skipped/>
[...]
  </testcase> <!-- searchusersbasedonstatus -->
  <testcase name="checkforblankorgcode" time="0.0" classname="com.enhanzedadmin.qa.testcases.orgcodetest">
    <skipped/>
  </testcase> <!-- checkforblankorgcode -->
  <testcase name="checkinvalidorgcode" time="0.0" classname="com.enhanzedadmin.qa.testcases.orgcodetest">
    <skipped/>
  </testcase> <!-- checkinvalidorgcode -->
  <testcase name="checkUI" time="0.0" classname="com.enhanzedadmin.qa.testcases.orgcodetest">
    <skipped/>
  </testcase> <!-- checkUI -->
  <testcase name="checkValidOrgcode" time="0.0" classname="com.enhanzedadmin.qa.testcases.orgcodetest">
    <skipped/>
  </testcase> <!-- checkValidOrgcode -->
  <testcase name="checkUI" time="0.0" classname="com.enhanzedadmin.qa.testcases.ManageGroupTest">
    <skipped/>
  </testcase> <!-- checkUI -->
  <testcase name="createGroup" time="0.0" classname="com.enhanzedadmin.qa.testcases.ManageGroupTest">
    <skipped/>
  </testcase> <!-- createGroup -->
  <testcase name="createGroup" time="0.0" classname="com.enhanzedadmin.qa.testcases.ManageGroupTest">
    <skipped/>
  </testcase> <!-- createGroup -->
  <testcase name="createGroup" time="0.0" classname="com.enhanzedadmin.qa.testcases.ManageGroupTest">
    <skipped/>
  </testcase> <!-- createGroup -->
  <testcase name="createGroup" time="0.0" classname="com.enhanzedadmin.qa.testcases.ManageGroupTest">
    <skipped/>
  </testcase> <!-- createGroup -->
  <testcase name="createGroup" time="0.0" classname="com.enhanzedadmin.qa.testcases.ManageGroupTest">
    <skipped/>
  </testcase> <!-- createGroup -->
  <testcase name="createGroup" time="0.0" classname="com.enhanzedadmin.qa.testcases.ManageGroupTest">
    <skipped/>
  </testcase> <!-- createGroup -->
  <testcase name="checkcreategroupUI" time="0.0" classname="com.enhanzedadmin.qa.testcases.ManageGroupTest">
    <skipped/>
  </testcase> <!-- checkcreategroupUI -->
  <testcase name="checkEmptyGroupNameCreation" time="0.0" classname="com.enhanzedadmin.qa.testcases.ManageGroupTest">
    <skipped/>
  </testcase> <!-- checkEmptyGroupNameCreation -->
  <testcase name="deleteGroup" time="0.0" classname="com.enhanzedadmin.qa.testcases.ManageGroupTest">
    <skipped/>
  </testcase> <!-- deleteGroup -->
  <testcase name="deleteGroup" time="0.0" classname="com.enhanzedadmin.qa.testcases.ManageGroupTest">
    <skipped/>
  </testcase> <!-- deleteGroup -->
  <testcase name="deleteGroup" time="0.0" classname="com.enhanzedadmin.qa.testcases.ManageGroupTest">
    <skipped/>
  </testcase> <!-- deleteGroup -->
  <testcase name="deleteGroup" time="0.0" classname="com.enhanzedadmin.qa.testcases.ManageGroupTest">
    <skipped/>
  </testcase> <!-- deleteGroup -->
  <testcase name="deleteGroup" time="0.016" classname="com.enhanzedadmin.qa.testcases.ManageGroupTest">
    <skipped/>
  </testcase> <!-- deleteGroup -->
  <testcase name="deleteGroup" time="0.0" classname="com.enhanzedadmin.qa.testcases.ManageGroupTest">
    <skipped/>
  </testcase> <!-- deleteGroup -->
  <testcase name="addUserToGroup" time="0.0" classname="com.enhanzedadmin.qa.testcases.ManageGroupTest">
    <skipped/>
  </testcase> <!-- addUserToGroup -->
  <testcase name="addUserToGroup" time="0.0" classname="com.enhanzedadmin.qa.testcases.ManageGroupTest">
    <skipped/>
  </testcase> <!-- addUserToGroup -->
  <testcase name="addUserToGroup" time="0.016" classname="com.enhanzedadmin.qa.testcases.ManageGroupTest">
    <skipped/>
  </testcase> <!-- addUserToGroup -->
  <testcase name="addUserToGroup" time="0.0" classname="com.enhanzedadmin.qa.testcases.ManageGroupTest">
    <skipped/>
  </testcase> <!-- addUserToGroup -->
  <testcase name="addUserToGroup" time="0.0" classname="com.enhanzedadmin.qa.testcases.ManageGroupTest">
    <skipped/>
  </testcase> <!-- addUserToGroup -->
  <testcase name="addUserToGroup" time="0.0" classname="com.enhanzedadmin.qa.testcases.ManageGroupTest">
    <skipped/>
  </testcase> <!-- addUserToGroup -->
  <testcase name="addUserToGroup" time="0.0" classname="com.enhanzedadmin.qa.testcases.ManageGroupTest">
    <skipped/>
  </testcase> <!-- addUserToGroup -->
  <testcase name="addUserToGroup" time="0.0" classname="com.enhanzedadmin.qa.testcases.ManageGroupTest">
    <skipped/>
  </testcase> <!-- addUserToGroup -->
  <testcase name="addUserToGroup" time="0.0" classname="com.enhanzedadmin.qa.testcases.ManageGroupTest">
    <skipped/>
  </testcase> <!-- addUserToGroup -->
  <testcase name="addUserToGroup" time="0.0" classname="com.enhanzedadmin.qa.testcases.ManageGroupTest">
    <skipped/>
  </testcase> <!-- addUserToGroup -->
  <testcase name="addUserToGroup" time="0.0" classname="com.enhanzedadmin.qa.testcases.ManageGroupTest">
    <skipped/>
  </testcase> <!-- addUserToGroup -->
  <testcase name="addUserToGroup" time="0.0" classname="com.enhanzedadmin.qa.testcases.ManageGroupTest">
    <skipped/>
  </testcase> <!-- addUserToGroup -->
  <testcase name="checkGroupUItest" time="0.0" classname="com.enhanzedadmin.qa.testcases.ManageGroupTest">
    <skipped/>
  </testcase> <!-- checkGroupUItest -->
  <testcase name="checkGroupUItest" time="0.0" classname="com.enhanzedadmin.qa.testcases.ManageGroupTest">
    <skipped/>
  </testcase> <!-- checkGroupUItest -->
  <testcase name="checkGroupUItest" time="0.0" classname="com.enhanzedadmin.qa.testcases.ManageGroupTest">
    <skipped/>
  </testcase> <!-- checkGroupUItest -->
  <testcase name="checkGroupUItest" time="0.0" classname="com.enhanzedadmin.qa.testcases.ManageGroupTest">
    <skipped/>
  </testcase> <!-- checkGroupUItest -->
  <testcase name="checkGroupUItest" time="0.0" classname="com.enhanzedadmin.qa.testcases.ManageGroupTest">
    <skipped/>
  </testcase> <!-- checkGroupUItest -->
  <testcase name="checkGroupUItest" time="0.0" classname="com.enhanzedadmin.qa.testcases.ManageGroupTest">
    <skipped/>
  </testcase> <!-- checkGroupUItest -->
  <testcase name="addEmptyUserToGroup" time="0.016" classname="com.enhanzedadmin.qa.testcases.ManageGroupTest">
    <skipped/>
  </testcase> <!-- addEmptyUserToGroup -->
  <testcase name="addEmptyUserToGroup" time="0.0" classname="com.enhanzedadmin.qa.testcases.ManageGroupTest">
    <skipped/>
  </testcase> <!-- addEmptyUserToGroup -->
  <testcase name="addEmptyUserToGroup" time="0.0" classname="com.enhanzedadmin.qa.testcases.ManageGroupTest">
    <skipped/>
  </testcase> <!-- addEmptyUserToGroup -->
  <testcase name="addEmptyUserToGroup" time="0.0" classname="com.enhanzedadmin.qa.testcases.ManageGroupTest">
    <skipped/>
  </testcase> <!-- addEmptyUserToGroup -->
  <testcase name="addEmptyUserToGroup" time="0.0" classname="com.enhanzedadmin.qa.testcases.ManageGroupTest">
    <skipped/>
  </testcase> <!-- addEmptyUserToGroup -->
  <testcase name="addEmptyUserToGroup" time="0.0" classname="com.enhanzedadmin.qa.testcases.ManageGroupTest">
    <skipped/>
  </testcase> <!-- addEmptyUserToGroup -->
  <testcase name="addEmptyUserToGroup" time="0.0" classname="com.enhanzedadmin.qa.testcases.ManageGroupTest">
    <skipped/>
  </testcase> <!-- addEmptyUserToGroup -->
  <testcase name="removeUserFromGroup" time="0.0" classname="com.enhanzedadmin.qa.testcases.ManageGroupTest">
    <skipped/>
  </testcase> <!-- removeUserFromGroup -->
  <testcase name="removeUserFromGroup" time="0.0" classname="com.enhanzedadmin.qa.testcases.ManageGroupTest">
    <skipped/>
  </testcase> <!-- removeUserFromGroup -->
  <testcase name="removeUserFromGroup" time="0.0" classname="com.enhanzedadmin.qa.testcases.ManageGroupTest">
    <skipped/>
  </testcase> <!-- removeUserFromGroup -->
  <testcase name="removeUserFromGroup" time="0.0" classname="com.enhanzedadmin.qa.testcases.ManageGroupTest">
    <skipped/>
  </testcase> <!-- removeUserFromGroup -->
  <testcase name="removeUserFromGroup" time="0.0" classname="com.enhanzedadmin.qa.testcases.ManageGroupTest">
    <skipped/>
  </testcase> <!-- removeUserFromGroup -->
  <testcase name="removeUserFromGroup" time="0.0" classname="com.enhanzedadmin.qa.testcases.ManageGroupTest">
    <skipped/>
  </testcase> <!-- removeUserFromGroup -->
  <testcase name="removeUserFromGroup" time="0.0" classname="com.enhanzedadmin.qa.testcases.ManageGroupTest">
    <skipped/>
  </testcase> <!-- removeUserFromGroup -->
  <testcase name="removeUserFromGroup" time="0.0" classname="com.enhanzedadmin.qa.testcases.ManageGroupTest">
    <skipped/>
  </testcase> <!-- removeUserFromGroup -->
  <testcase name="removeUserFromGroup" time="0.0" classname="com.enhanzedadmin.qa.testcases.ManageGroupTest">
    <skipped/>
  </testcase> <!-- removeUserFromGroup -->
  <testcase name="removeUserFromGroup" time="0.0" classname="com.enhanzedadmin.qa.testcases.ManageGroupTest">
    <skipped/>
  </testcase> <!-- removeUserFromGroup -->
  <testcase name="removeUserFromGroup" time="0.0" classname="com.enhanzedadmin.qa.testcases.ManageGroupTest">
    <skipped/>
  </testcase> <!-- removeUserFromGroup -->
  <testcase name="removeUserFromGroup" time="0.0" classname="com.enhanzedadmin.qa.testcases.ManageGroupTest">
    <skipped/>
  </testcase> <!-- removeUserFromGroup -->
  <testcase name="checkUsersUI" time="0.0" classname="com.enhanzedadmin.qa.testcases.ManageUserTest">
    <skipped/>
  </testcase> <!-- checkUsersUI -->
  <testcase name="checkCreateUserUI" time="0.0" classname="com.enhanzedadmin.qa.testcases.ManageUserTest">
    <skipped/>
  </testcase> <!-- checkCreateUserUI -->
  <testcase name="checkUserDetailsNameBlank" time="0.0" classname="com.enhanzedadmin.qa.testcases.ManageUserTest">
    <skipped/>
  </testcase> <!-- checkUserDetailsNameBlank -->
  <testcase name="checkUserDetailsEmailblank" time="0.0" classname="com.enhanzedadmin.qa.testcases.ManageUserTest">
    <skipped/>
  </testcase> <!-- checkUserDetailsEmailblank -->
  <testcase name="checkUserDetailsGenderBlank" time="0.0" classname="com.enhanzedadmin.qa.testcases.ManageUserTest">
    <skipped/>
  </testcase> <!-- checkUserDetailsGenderBlank -->
  <testcase name="checkUserRoleBlank" time="0.0" classname="com.enhanzedadmin.qa.testcases.ManageUserTest">
    <skipped/>
  </testcase> <!-- checkUserRoleBlank -->
  <testcase name="wrongEmailFormatCheck" time="0.0" classname="com.enhanzedadmin.qa.testcases.ManageUserTest">
    <skipped/>
  </testcase> <!-- wrongEmailFormatCheck -->
  <testcase name="createuser" time="0.0" classname="com.enhanzedadmin.qa.testcases.ManageUserTest">
    <skipped/>
  </testcase> <!-- createuser -->
  <testcase name="createuser" time="0.0" classname="com.enhanzedadmin.qa.testcases.ManageUserTest">
    <skipped/>
  </testcase> <!-- createuser -->
  <testcase name="createuser" time="0.001" classname="com.enhanzedadmin.qa.testcases.ManageUserTest">
    <skipped/>
  </testcase> <!-- createuser -->
  <testcase name="createuser" time="0.0" classname="com.enhanzedadmin.qa.testcases.ManageUserTest">
    <skipped/>
  </testcase> <!-- createuser -->
  <testcase name="createuser" time="0.0" classname="com.enhanzedadmin.qa.testcases.ManageUserTest">
    <skipped/>
  </testcase> <!-- createuser -->
  <testcase name="createuser" time="0.0" classname="com.enhanzedadmin.qa.testcases.ManageUserTest">
    <skipped/>
  </testcase> <!-- createuser -->
  <testcase name="createuser" time="0.0" classname="com.enhanzedadmin.qa.testcases.ManageUserTest">
    <skipped/>
  </testcase> <!-- createuser -->
  <testcase name="createuser" time="0.0" classname="com.enhanzedadmin.qa.testcases.ManageUserTest">
    <skipped/>
  </testcase> <!-- createuser -->
  <testcase name="createuser" time="0.0" classname="com.enhanzedadmin.qa.testcases.ManageUserTest">
    <skipped/>
  </testcase> <!-- createuser -->
  <testcase name="createuser" time="0.0" classname="com.enhanzedadmin.qa.testcases.ManageUserTest">
    <skipped/>
  </testcase> <!-- createuser -->
  <testcase name="createuser" time="0.0" classname="com.enhanzedadmin.qa.testcases.ManageUserTest">
    <skipped/>
  </testcase> <!-- createuser -->
  <testcase name="createuser" time="0.0" classname="com.enhanzedadmin.qa.testcases.ManageUserTest">
    <skipped/>
  </testcase> <!-- createuser -->
  <testcase name="createuser" time="0.0" classname="com.enhanzedadmin.qa.testcases.ManageUserTest">
    <skipped/>
  </testcase> <!-- createuser -->
  <testcase name="createuser" time="0.0" classname="com.enhanzedadmin.qa.testcases.ManageUserTest">
    <skipped/>
  </testcase> <!-- createuser -->
  <testcase name="createuser" time="0.0" classname="com.enhanzedadmin.qa.testcases.ManageUserTest">
    <skipped/>
  </testcase> <!-- createuser -->
  <testcase name="createuser" time="0.0" classname="com.enhanzedadmin.qa.testcases.ManageUserTest">
    <skipped/>
  </testcase> <!-- createuser -->
  <testcase name="createuser" time="0.0" classname="com.enhanzedadmin.qa.testcases.ManageUserTest">
    <skipped/>
  </testcase> <!-- createuser -->
  <testcase name="createuser" time="0.0" classname="com.enhanzedadmin.qa.testcases.ManageUserTest">
    <skipped/>
  </testcase> <!-- createuser -->
  <testcase name="createuser" time="0.0" classname="com.enhanzedadmin.qa.testcases.ManageUserTest">
    <skipped/>
  </testcase> <!-- createuser -->
  <testcase name="createuser" time="0.0" classname="com.enhanzedadmin.qa.testcases.ManageUserTest">
    <skipped/>
  </testcase> <!-- createuser -->
  <testcase name="createuser" time="0.0" classname="com.enhanzedadmin.qa.testcases.ManageUserTest">
    <skipped/>
  </testcase> <!-- createuser -->
  <testcase name="createuser" time="0.0" classname="com.enhanzedadmin.qa.testcases.ManageUserTest">
    <skipped/>
  </testcase> <!-- createuser -->
  <testcase name="createuser" time="0.0" classname="com.enhanzedadmin.qa.testcases.ManageUserTest">
    <skipped/>
  </testcase> <!-- createuser -->
  <testcase name="createuser" time="0.0" classname="com.enhanzedadmin.qa.testcases.ManageUserTest">
    <skipped/>
  </testcase> <!-- createuser -->
  <testcase name="createuser" time="0.0" classname="com.enhanzedadmin.qa.testcases.ManageUserTest">
    <skipped/>
  </testcase> <!-- createuser -->
  <testcase name="createuser" time="0.0" classname="com.enhanzedadmin.qa.testcases.ManageUserTest">
    <skipped/>
  </testcase> <!-- createuser -->
  <testcase name="createuser" time="0.0" classname="com.enhanzedadmin.qa.testcases.ManageUserTest">
    <skipped/>
  </testcase> <!-- createuser -->
  <testcase name="createuser" time="0.0" classname="com.enhanzedadmin.qa.testcases.ManageUserTest">
    <skipped/>
  </testcase> <!-- createuser -->
  <testcase name="createuser" time="0.0" classname="com.enhanzedadmin.qa.testcases.ManageUserTest">
    <skipped/>
  </testcase> <!-- createuser -->
  <testcase name="createuser" time="0.0" classname="com.enhanzedadmin.qa.testcases.ManageUserTest">
    <skipped/>
  </testcase> <!-- createuser -->
  <testcase name="createuser" time="0.0" classname="com.enhanzedadmin.qa.testcases.ManageUserTest">
    <skipped/>
  </testcase> <!-- createuser -->
  <testcase name="createuser" time="0.0" classname="com.enhanzedadmin.qa.testcases.ManageUserTest">
    <skipped/>
  </testcase> <!-- createuser -->
  <testcase name="createuser" time="0.0" classname="com.enhanzedadmin.qa.testcases.ManageUserTest">
    <skipped/>
  </testcase> <!-- createuser -->
  <testcase name="createuser" time="0.016" classname="com.enhanzedadmin.qa.testcases.ManageUserTest">
    <skipped/>
  </testcase> <!-- createuser -->
  <testcase name="createuser" time="0.0" classname="com.enhanzedadmin.qa.testcases.ManageUserTest">
    <skipped/>
  </testcase> <!-- createuser -->
  <testcase name="cancelNewCreateUser" time="0.0" classname="com.enhanzedadmin.qa.testcases.ManageUserTest">
    <skipped/>
  </testcase> <!-- cancelNewCreateUser -->
  <testcase name="checkPagination" time="0.0" classname="com.enhanzedadmin.qa.testcases.ManageUserTest">
    <skipped/>
  </testcase> <!-- checkPagination -->
  <testcase name="searchUsers" time="0.016" classname="com.enhanzedadmin.qa.testcases.ManageUserTest">
    <skipped/>
  </testcase> <!-- searchUsers -->
  <testcase name="searchUsers" time="0.0" classname="com.enhanzedadmin.qa.testcases.ManageUserTest">
    <skipped/>
  </testcase> <!-- searchUsers -->
  <testcase name="searchUsers" time="0.0" classname="com.enhanzedadmin.qa.testcases.ManageUserTest">
    <skipped/>
  </testcase> <!-- searchUsers -->
  <testcase name="searchUsers" time="0.0" classname="com.enhanzedadmin.qa.testcases.ManageUserTest">
    <skipped/>
  </testcase> <!-- searchUsers -->
  <testcase name="searchUsers" time="0.0" classname="com.enhanzedadmin.qa.testcases.ManageUserTest">
    <skipped/>
  </testcase> <!-- searchUsers -->
  <testcase name="searchUsers" time="0.0" classname="com.enhanzedadmin.qa.testcases.ManageUserTest">
    <skipped/>
  </testcase> <!-- searchUsers -->
  <testcase name="searchUsers" time="0.0" classname="com.enhanzedadmin.qa.testcases.ManageUserTest">
    <skipped/>
  </testcase> <!-- searchUsers -->
  <testcase name="searchUsers" time="0.0" classname="com.enhanzedadmin.qa.testcases.ManageUserTest">
    <skipped/>
  </testcase> <!-- searchUsers -->
  <testcase name="searchUsers" time="0.0" classname="com.enhanzedadmin.qa.testcases.ManageUserTest">
    <skipped/>
  </testcase> <!-- searchUsers -->
  <testcase name="searchUsers" time="0.0" classname="com.enhanzedadmin.qa.testcases.ManageUserTest">
    <skipped/>
  </testcase> <!-- searchUsers -->
  <testcase name="searchUsersname" time="0.0" classname="com.enhanzedadmin.qa.testcases.ManageUserTest">
    <skipped/>
  </testcase> <!-- searchUsersname -->
  <testcase name="searchUsersname" time="0.0" classname="com.enhanzedadmin.qa.testcases.ManageUserTest">
    <skipped/>
  </testcase> <!-- searchUsersname -->
  <testcase name="searchUsersname" time="0.0" classname="com.enhanzedadmin.qa.testcases.ManageUserTest">
    <skipped/>
  </testcase> <!-- searchUsersname -->
  <testcase name="searchUsersname" time="0.0" classname="com.enhanzedadmin.qa.testcases.ManageUserTest">
    <skipped/>
  </testcase> <!-- searchUsersname -->
  <testcase name="searchUsersname" time="0.0" classname="com.enhanzedadmin.qa.testcases.ManageUserTest">
    <skipped/>
  </testcase> <!-- searchUsersname -->
  <testcase name="searchUsersname" time="0.0" classname="com.enhanzedadmin.qa.testcases.ManageUserTest">
    <skipped/>
  </testcase> <!-- searchUsersname -->
  <testcase name="searchUsersname" time="0.0" classname="com.enhanzedadmin.qa.testcases.ManageUserTest">
    <skipped/>
  </testcase> <!-- searchUsersname -->
  <testcase name="searchUsersname" time="0.0" classname="com.enhanzedadmin.qa.testcases.ManageUserTest">
    <skipped/>
  </testcase> <!-- searchUsersname -->
  <testcase name="searchUsersonactivestatus" time="0.0" classname="com.enhanzedadmin.qa.testcases.ManageUserTest">
    <skipped/>
  </testcase> <!-- searchUsersonactivestatus -->
  <testcase name="searchUsersonactivestatus" time="0.0" classname="com.enhanzedadmin.qa.testcases.ManageUserTest">
    <skipped/>
  </testcase> <!-- searchUsersonactivestatus -->
  <testcase name="searchUsersonactivestatus" time="0.0" classname="com.enhanzedadmin.qa.testcases.ManageUserTest">
    <skipped/>
  </testcase> <!-- searchUsersonactivestatus -->
  <testcase name="searchUsersonactivestatus" time="0.0" classname="com.enhanzedadmin.qa.testcases.ManageUserTest">
    <skipped/>
  </testcase> <!-- searchUsersonactivestatus -->
  <testcase name="searchUsersonactivestatus" time="0.015" classname="com.enhanzedadmin.qa.testcases.ManageUserTest">
    <skipped/>
  </testcase> <!-- searchUsersonactivestatus -->
  <testcase name="searchUsersonactivestatus" time="0.0" classname="com.enhanzedadmin.qa.testcases.ManageUserTest">
    <skipped/>
  </testcase> <!-- searchUsersonactivestatus -->
  <testcase name="checkbreadcrumb" time="0.0" classname="com.enhanzedadmin.qa.testcases.ManageUserTest">
    <skipped/>
  </testcase> <!-- checkbreadcrumb -->
  <testcase name="signOut" time="0.0" classname="com.enhanzedadmin.qa.testcases.MyProfileTest">
    <skipped/>
  </testcase> <!-- signOut -->
</testsuite> <!-- Test -->
