<?xml version="1.0" encoding="UTF-8"?>
<testng-results skipped="14" failed="1" total="29" passed="14">
  <reporter-output>
  </reporter-output>
  <suite name="Default suite" duration-ms="657541" started-at="2020-01-29T12:13:24Z" finished-at="2020-01-29T12:24:21Z">
    <groups>
    </groups>
    <test name="Default test" duration-ms="657541" started-at="2020-01-29T12:13:24Z" finished-at="2020-01-29T12:24:21Z">
      <class name="com.enhanzedadmin.qa.testcases.ContentTest">
        <test-method status="PASS" signature="initialization()[pri:0, instance:com.enhanzedadmin.qa.testcases.ContentTest@32811494]" name="initialization" is-config="true" duration-ms="14118" started-at="2020-01-29T17:43:24Z" finished-at="2020-01-29T17:43:38Z">
          <reporter-output>
          </reporter-output>
        </test-method> <!-- initialization -->
        <test-method status="PASS" signature="setup()[pri:0, instance:com.enhanzedadmin.qa.testcases.ContentTest@32811494]" name="setup" is-config="true" duration-ms="5205" started-at="2020-01-29T17:43:38Z" finished-at="2020-01-29T17:43:43Z">
          <reporter-output>
          </reporter-output>
        </test-method> <!-- setup -->
        <test-method status="PASS" signature="addEmptyTopic()[pri:1, instance:com.enhanzedadmin.qa.testcases.ContentTest@32811494]" name="addEmptyTopic" duration-ms="10246" started-at="2020-01-29T17:43:43Z" finished-at="2020-01-29T17:43:53Z">
          <reporter-output>
          </reporter-output>
        </test-method> <!-- addEmptyTopic -->
        <test-method status="PASS" signature="end()[pri:0, instance:com.enhanzedadmin.qa.testcases.ContentTest@32811494]" name="end" is-config="true" duration-ms="3703" started-at="2020-01-29T17:43:53Z" finished-at="2020-01-29T17:43:57Z">
          <reporter-output>
          </reporter-output>
        </test-method> <!-- end -->
        <test-method status="PASS" signature="initialization()[pri:0, instance:com.enhanzedadmin.qa.testcases.ContentTest@32811494]" name="initialization" is-config="true" duration-ms="13566" started-at="2020-01-29T17:43:57Z" finished-at="2020-01-29T17:44:10Z">
          <reporter-output>
          </reporter-output>
        </test-method> <!-- initialization -->
        <test-method status="PASS" signature="setup()[pri:0, instance:com.enhanzedadmin.qa.testcases.ContentTest@32811494]" name="setup" is-config="true" duration-ms="5002" started-at="2020-01-29T17:44:10Z" finished-at="2020-01-29T17:44:15Z">
          <reporter-output>
          </reporter-output>
        </test-method> <!-- setup -->
        <test-method status="PASS" signature="addEmptyTopicName()[pri:2, instance:com.enhanzedadmin.qa.testcases.ContentTest@32811494]" name="addEmptyTopicName" duration-ms="21089" started-at="2020-01-29T17:44:15Z" finished-at="2020-01-29T17:44:36Z">
          <reporter-output>
          </reporter-output>
        </test-method> <!-- addEmptyTopicName -->
        <test-method status="PASS" signature="end()[pri:0, instance:com.enhanzedadmin.qa.testcases.ContentTest@32811494]" name="end" is-config="true" duration-ms="3724" started-at="2020-01-29T17:44:37Z" finished-at="2020-01-29T17:44:40Z">
          <reporter-output>
          </reporter-output>
        </test-method> <!-- end -->
        <test-method status="PASS" signature="initialization()[pri:0, instance:com.enhanzedadmin.qa.testcases.ContentTest@32811494]" name="initialization" is-config="true" duration-ms="13723" started-at="2020-01-29T17:44:40Z" finished-at="2020-01-29T17:44:54Z">
          <reporter-output>
          </reporter-output>
        </test-method> <!-- initialization -->
        <test-method status="PASS" signature="setup()[pri:0, instance:com.enhanzedadmin.qa.testcases.ContentTest@32811494]" name="setup" is-config="true" duration-ms="5142" started-at="2020-01-29T17:44:54Z" finished-at="2020-01-29T17:44:59Z">
          <reporter-output>
          </reporter-output>
        </test-method> <!-- setup -->
        <test-method status="PASS" signature="addEmptyTopicImage()[pri:3, instance:com.enhanzedadmin.qa.testcases.ContentTest@32811494]" name="addEmptyTopicImage" duration-ms="10700" started-at="2020-01-29T17:44:59Z" finished-at="2020-01-29T17:45:10Z">
          <reporter-output>
          </reporter-output>
        </test-method> <!-- addEmptyTopicImage -->
        <test-method status="PASS" signature="end()[pri:0, instance:com.enhanzedadmin.qa.testcases.ContentTest@32811494]" name="end" is-config="true" duration-ms="3673" started-at="2020-01-29T17:45:10Z" finished-at="2020-01-29T17:45:13Z">
          <reporter-output>
          </reporter-output>
        </test-method> <!-- end -->
        <test-method status="PASS" signature="initialization()[pri:0, instance:com.enhanzedadmin.qa.testcases.ContentTest@32811494]" name="initialization" is-config="true" duration-ms="15821" started-at="2020-01-29T17:45:13Z" finished-at="2020-01-29T17:45:29Z">
          <reporter-output>
          </reporter-output>
        </test-method> <!-- initialization -->
        <test-method status="PASS" signature="setup()[pri:0, instance:com.enhanzedadmin.qa.testcases.ContentTest@32811494]" name="setup" is-config="true" duration-ms="5101" started-at="2020-01-29T17:45:29Z" finished-at="2020-01-29T17:45:34Z">
          <reporter-output>
          </reporter-output>
        </test-method> <!-- setup -->
        <test-method status="FAIL" signature="addDuplicateTopic()[pri:4, instance:com.enhanzedadmin.qa.testcases.ContentTest@32811494]" name="addDuplicateTopic" duration-ms="23121" started-at="2020-01-29T17:45:34Z" finished-at="2020-01-29T17:45:58Z">
          <exception class="java.lang.AssertionError">
            <message>
              <![CDATA[The message is not displayed expected [Topic with the same name already exists] but found [Topic with the same name already exists.]]]>
            </message>
            <full-stacktrace>
              <![CDATA[java.lang.AssertionError: The message is not displayed expected [Topic with the same name already exists] but found [Topic with the same name already exists.]
	at org.testng.Assert.fail(Assert.java:94)
	at org.testng.Assert.failNotEquals(Assert.java:513)
	at org.testng.Assert.assertEqualsImpl(Assert.java:135)
	at org.testng.Assert.assertEquals(Assert.java:116)
	at org.testng.Assert.assertEquals(Assert.java:190)
	at com.enhanzedadmin.qa.testcases.ContentTest.addDuplicateTopic(ContentTest.java:115)
	at sun.reflect.NativeMethodAccessorImpl.invoke0(Native Method)
	at sun.reflect.NativeMethodAccessorImpl.invoke(Unknown Source)
	at sun.reflect.DelegatingMethodAccessorImpl.invoke(Unknown Source)
	at java.lang.reflect.Method.invoke(Unknown Source)
	at org.testng.internal.MethodInvocationHelper.invokeMethod(MethodInvocationHelper.java:86)
	at org.testng.internal.Invoker.invokeMethod(Invoker.java:645)
	at org.testng.internal.Invoker.invokeTestMethod(Invoker.java:822)
	at org.testng.internal.Invoker.invokeTestMethods(Invoker.java:1130)
	at org.testng.internal.TestMethodWorker.invokeTestMethods(TestMethodWorker.java:129)
	at org.testng.internal.TestMethodWorker.run(TestMethodWorker.java:112)
	at org.testng.TestRunner.privateRun(TestRunner.java:782)
	at org.testng.TestRunner.run(TestRunner.java:632)
	at org.testng.SuiteRunner.runTest(SuiteRunner.java:366)
	at org.testng.SuiteRunner.runSequentially(SuiteRunner.java:361)
	at org.testng.SuiteRunner.privateRun(SuiteRunner.java:319)
	at org.testng.SuiteRunner.run(SuiteRunner.java:268)
	at org.testng.SuiteRunnerWorker.runSuite(SuiteRunnerWorker.java:52)
	at org.testng.SuiteRunnerWorker.run(SuiteRunnerWorker.java:86)
	at org.testng.TestNG.runSuitesSequentially(TestNG.java:1244)
	at org.testng.TestNG.runSuitesLocally(TestNG.java:1169)
	at org.testng.TestNG.run(TestNG.java:1064)
	at org.testng.remote.RemoteTestNG.run(RemoteTestNG.java:113)
	at org.testng.remote.RemoteTestNG.initAndRun(RemoteTestNG.java:206)
	at org.testng.remote.RemoteTestNG.main(RemoteTestNG.java:177)
]]>
            </full-stacktrace>
          </exception> <!-- java.lang.AssertionError -->
          <reporter-output>
          </reporter-output>
        </test-method> <!-- addDuplicateTopic -->
        <test-method status="PASS" signature="end()[pri:0, instance:com.enhanzedadmin.qa.testcases.ContentTest@32811494]" name="end" is-config="true" duration-ms="3713" started-at="2020-01-29T17:45:58Z" finished-at="2020-01-29T17:46:01Z">
          <reporter-output>
          </reporter-output>
        </test-method> <!-- end -->
        <test-method status="PASS" signature="initialization()[pri:0, instance:com.enhanzedadmin.qa.testcases.ContentTest@32811494]" name="initialization" is-config="true" duration-ms="13731" started-at="2020-01-29T17:46:01Z" finished-at="2020-01-29T17:46:15Z">
          <reporter-output>
          </reporter-output>
        </test-method> <!-- initialization -->
        <test-method status="PASS" signature="setup()[pri:0, instance:com.enhanzedadmin.qa.testcases.ContentTest@32811494]" name="setup" is-config="true" duration-ms="5106" started-at="2020-01-29T17:46:15Z" finished-at="2020-01-29T17:46:20Z">
          <reporter-output>
          </reporter-output>
        </test-method> <!-- setup -->
        <test-method status="PASS" signature="addTopic()[pri:5, instance:com.enhanzedadmin.qa.testcases.ContentTest@32811494]" name="addTopic" duration-ms="21162" started-at="2020-01-29T17:46:20Z" finished-at="2020-01-29T17:46:41Z">
          <reporter-output>
          </reporter-output>
        </test-method> <!-- addTopic -->
        <test-method status="PASS" signature="end()[pri:0, instance:com.enhanzedadmin.qa.testcases.ContentTest@32811494]" name="end" is-config="true" duration-ms="3695" started-at="2020-01-29T17:46:41Z" finished-at="2020-01-29T17:46:45Z">
          <reporter-output>
          </reporter-output>
        </test-method> <!-- end -->
        <test-method status="PASS" signature="initialization()[pri:0, instance:com.enhanzedadmin.qa.testcases.ContentTest@32811494]" name="initialization" is-config="true" duration-ms="13683" started-at="2020-01-29T17:46:45Z" finished-at="2020-01-29T17:46:59Z">
          <reporter-output>
          </reporter-output>
        </test-method> <!-- initialization -->
        <test-method status="PASS" signature="setup()[pri:0, instance:com.enhanzedadmin.qa.testcases.ContentTest@32811494]" name="setup" is-config="true" duration-ms="4629" started-at="2020-01-29T17:46:59Z" finished-at="2020-01-29T17:47:03Z">
          <reporter-output>
          </reporter-output>
        </test-method> <!-- setup -->
        <test-method status="PASS" signature="checkAudioBlankCredentials()[pri:6, instance:com.enhanzedadmin.qa.testcases.ContentTest@32811494]" name="checkAudioBlankCredentials" duration-ms="20978" started-at="2020-01-29T17:47:03Z" finished-at="2020-01-29T17:47:24Z">
          <reporter-output>
          </reporter-output>
        </test-method> <!-- checkAudioBlankCredentials -->
        <test-method status="PASS" signature="end()[pri:0, instance:com.enhanzedadmin.qa.testcases.ContentTest@32811494]" name="end" is-config="true" duration-ms="3666" started-at="2020-01-29T17:47:24Z" finished-at="2020-01-29T17:47:28Z">
          <reporter-output>
          </reporter-output>
        </test-method> <!-- end -->
        <test-method status="PASS" signature="initialization()[pri:0, instance:com.enhanzedadmin.qa.testcases.ContentTest@32811494]" name="initialization" is-config="true" duration-ms="13022" started-at="2020-01-29T17:47:28Z" finished-at="2020-01-29T17:47:41Z">
          <reporter-output>
          </reporter-output>
        </test-method> <!-- initialization -->
        <test-method status="PASS" signature="setup()[pri:0, instance:com.enhanzedadmin.qa.testcases.ContentTest@32811494]" name="setup" is-config="true" duration-ms="4704" started-at="2020-01-29T17:47:41Z" finished-at="2020-01-29T17:47:46Z">
          <reporter-output>
          </reporter-output>
        </test-method> <!-- setup -->
        <test-method status="PASS" signature="checkBalnkCredentials()[pri:7, instance:com.enhanzedadmin.qa.testcases.ContentTest@32811494]" name="checkBalnkCredentials" duration-ms="20363" started-at="2020-01-29T17:47:46Z" finished-at="2020-01-29T17:48:06Z">
          <reporter-output>
          </reporter-output>
        </test-method> <!-- checkBalnkCredentials -->
        <test-method status="PASS" signature="end()[pri:0, instance:com.enhanzedadmin.qa.testcases.ContentTest@32811494]" name="end" is-config="true" duration-ms="3714" started-at="2020-01-29T17:48:06Z" finished-at="2020-01-29T17:48:10Z">
          <reporter-output>
          </reporter-output>
        </test-method> <!-- end -->
        <test-method status="PASS" signature="initialization()[pri:0, instance:com.enhanzedadmin.qa.testcases.ContentTest@32811494]" name="initialization" is-config="true" duration-ms="13477" started-at="2020-01-29T17:48:10Z" finished-at="2020-01-29T17:48:23Z">
          <reporter-output>
          </reporter-output>
        </test-method> <!-- initialization -->
        <test-method status="PASS" signature="setup()[pri:0, instance:com.enhanzedadmin.qa.testcases.ContentTest@32811494]" name="setup" is-config="true" duration-ms="5054" started-at="2020-01-29T17:48:23Z" finished-at="2020-01-29T17:48:28Z">
          <reporter-output>
          </reporter-output>
        </test-method> <!-- setup -->
        <test-method status="PASS" signature="checkBalnkCredentialsDurationCategory()[pri:8, instance:com.enhanzedadmin.qa.testcases.ContentTest@32811494]" name="checkBalnkCredentialsDurationCategory" duration-ms="20532" started-at="2020-01-29T17:48:28Z" finished-at="2020-01-29T17:48:49Z">
          <reporter-output>
          </reporter-output>
        </test-method> <!-- checkBalnkCredentialsDurationCategory -->
        <test-method status="PASS" signature="end()[pri:0, instance:com.enhanzedadmin.qa.testcases.ContentTest@32811494]" name="end" is-config="true" duration-ms="3739" started-at="2020-01-29T17:48:49Z" finished-at="2020-01-29T17:48:53Z">
          <reporter-output>
          </reporter-output>
        </test-method> <!-- end -->
        <test-method status="PASS" signature="initialization()[pri:0, instance:com.enhanzedadmin.qa.testcases.ContentTest@32811494]" name="initialization" is-config="true" duration-ms="14383" started-at="2020-01-29T17:48:53Z" finished-at="2020-01-29T17:49:07Z">
          <reporter-output>
          </reporter-output>
        </test-method> <!-- initialization -->
        <test-method status="PASS" signature="setup()[pri:0, instance:com.enhanzedadmin.qa.testcases.ContentTest@32811494]" name="setup" is-config="true" duration-ms="5063" started-at="2020-01-29T17:49:07Z" finished-at="2020-01-29T17:49:12Z">
          <reporter-output>
          </reporter-output>
        </test-method> <!-- setup -->
        <test-method status="PASS" signature="checkBalnkCredentialsFileUpload()[pri:9, instance:com.enhanzedadmin.qa.testcases.ContentTest@32811494]" name="checkBalnkCredentialsFileUpload" duration-ms="21190" started-at="2020-01-29T17:49:12Z" finished-at="2020-01-29T17:49:33Z">
          <reporter-output>
          </reporter-output>
        </test-method> <!-- checkBalnkCredentialsFileUpload -->
        <test-method status="PASS" signature="end()[pri:0, instance:com.enhanzedadmin.qa.testcases.ContentTest@32811494]" name="end" is-config="true" duration-ms="3684" started-at="2020-01-29T17:49:33Z" finished-at="2020-01-29T17:49:37Z">
          <reporter-output>
          </reporter-output>
        </test-method> <!-- end -->
        <test-method status="PASS" signature="initialization()[pri:0, instance:com.enhanzedadmin.qa.testcases.ContentTest@32811494]" name="initialization" is-config="true" duration-ms="13329" started-at="2020-01-29T17:49:37Z" finished-at="2020-01-29T17:49:50Z">
          <reporter-output>
          </reporter-output>
        </test-method> <!-- initialization -->
        <test-method status="PASS" signature="setup()[pri:0, instance:com.enhanzedadmin.qa.testcases.ContentTest@32811494]" name="setup" is-config="true" duration-ms="4994" started-at="2020-01-29T17:49:50Z" finished-at="2020-01-29T17:49:55Z">
          <reporter-output>
          </reporter-output>
        </test-method> <!-- setup -->
        <test-method status="PASS" signature="checkOnlyBlankTitle()[pri:10, instance:com.enhanzedadmin.qa.testcases.ContentTest@32811494]" name="checkOnlyBlankTitle" duration-ms="31648" started-at="2020-01-29T17:49:55Z" finished-at="2020-01-29T17:50:27Z">
          <reporter-output>
          </reporter-output>
        </test-method> <!-- checkOnlyBlankTitle -->
        <test-method status="PASS" signature="end()[pri:0, instance:com.enhanzedadmin.qa.testcases.ContentTest@32811494]" name="end" is-config="true" duration-ms="3679" started-at="2020-01-29T17:50:27Z" finished-at="2020-01-29T17:50:31Z">
          <reporter-output>
          </reporter-output>
        </test-method> <!-- end -->
        <test-method status="PASS" signature="initialization()[pri:0, instance:com.enhanzedadmin.qa.testcases.ContentTest@32811494]" name="initialization" is-config="true" duration-ms="13672" started-at="2020-01-29T17:50:31Z" finished-at="2020-01-29T17:50:44Z">
          <reporter-output>
          </reporter-output>
        </test-method> <!-- initialization -->
        <test-method status="PASS" signature="setup()[pri:0, instance:com.enhanzedadmin.qa.testcases.ContentTest@32811494]" name="setup" is-config="true" duration-ms="5162" started-at="2020-01-29T17:50:44Z" finished-at="2020-01-29T17:50:49Z">
          <reporter-output>
          </reporter-output>
        </test-method> <!-- setup -->
        <test-method status="PASS" signature="checkOnlyWhenAudioUploaded()[pri:11, instance:com.enhanzedadmin.qa.testcases.ContentTest@32811494]" name="checkOnlyWhenAudioUploaded" duration-ms="32095" started-at="2020-01-29T17:50:49Z" finished-at="2020-01-29T17:51:21Z">
          <reporter-output>
          </reporter-output>
        </test-method> <!-- checkOnlyWhenAudioUploaded -->
        <test-method status="PASS" signature="end()[pri:0, instance:com.enhanzedadmin.qa.testcases.ContentTest@32811494]" name="end" is-config="true" duration-ms="3697" started-at="2020-01-29T17:51:21Z" finished-at="2020-01-29T17:51:25Z">
          <reporter-output>
          </reporter-output>
        </test-method> <!-- end -->
        <test-method status="PASS" signature="initialization()[pri:0, instance:com.enhanzedadmin.qa.testcases.ContentTest@32811494]" name="initialization" is-config="true" duration-ms="13707" started-at="2020-01-29T17:51:25Z" finished-at="2020-01-29T17:51:39Z">
          <reporter-output>
          </reporter-output>
        </test-method> <!-- initialization -->
        <test-method status="PASS" signature="setup()[pri:0, instance:com.enhanzedadmin.qa.testcases.ContentTest@32811494]" name="setup" is-config="true" duration-ms="5106" started-at="2020-01-29T17:51:39Z" finished-at="2020-01-29T17:51:44Z">
          <reporter-output>
          </reporter-output>
        </test-method> <!-- setup -->
        <test-method status="PASS" signature="checkHtmlBlankData()[pri:12, instance:com.enhanzedadmin.qa.testcases.ContentTest@32811494]" name="checkHtmlBlankData" duration-ms="17806" started-at="2020-01-29T17:51:44Z" finished-at="2020-01-29T17:52:02Z">
          <reporter-output>
          </reporter-output>
        </test-method> <!-- checkHtmlBlankData -->
        <test-method status="PASS" signature="end()[pri:0, instance:com.enhanzedadmin.qa.testcases.ContentTest@32811494]" name="end" is-config="true" duration-ms="3704" started-at="2020-01-29T17:52:02Z" finished-at="2020-01-29T17:52:05Z">
          <reporter-output>
          </reporter-output>
        </test-method> <!-- end -->
        <test-method status="PASS" signature="initialization()[pri:0, instance:com.enhanzedadmin.qa.testcases.ContentTest@32811494]" name="initialization" is-config="true" duration-ms="13796" started-at="2020-01-29T17:52:05Z" finished-at="2020-01-29T17:52:19Z">
          <reporter-output>
          </reporter-output>
        </test-method> <!-- initialization -->
        <test-method status="PASS" signature="setup()[pri:0, instance:com.enhanzedadmin.qa.testcases.ContentTest@32811494]" name="setup" is-config="true" duration-ms="4808" started-at="2020-01-29T17:52:19Z" finished-at="2020-01-29T17:52:24Z">
          <reporter-output>
          </reporter-output>
        </test-method> <!-- setup -->
        <test-method status="PASS" signature="checkHtmlBalnkContentbody()[pri:13, instance:com.enhanzedadmin.qa.testcases.ContentTest@32811494]" name="checkHtmlBalnkContentbody" duration-ms="18058" started-at="2020-01-29T17:52:24Z" finished-at="2020-01-29T17:52:42Z">
          <reporter-output>
          </reporter-output>
        </test-method> <!-- checkHtmlBalnkContentbody -->
        <test-method status="PASS" signature="end()[pri:0, instance:com.enhanzedadmin.qa.testcases.ContentTest@32811494]" name="end" is-config="true" duration-ms="3685" started-at="2020-01-29T17:52:42Z" finished-at="2020-01-29T17:52:46Z">
          <reporter-output>
          </reporter-output>
        </test-method> <!-- end -->
        <test-method status="PASS" signature="initialization()[pri:0, instance:com.enhanzedadmin.qa.testcases.ContentTest@32811494]" name="initialization" is-config="true" duration-ms="13604" started-at="2020-01-29T17:52:46Z" finished-at="2020-01-29T17:52:59Z">
          <reporter-output>
          </reporter-output>
        </test-method> <!-- initialization -->
        <test-method status="PASS" signature="setup()[pri:0, instance:com.enhanzedadmin.qa.testcases.ContentTest@32811494]" name="setup" is-config="true" duration-ms="5073" started-at="2020-01-29T17:52:59Z" finished-at="2020-01-29T17:53:05Z">
          <reporter-output>
          </reporter-output>
        </test-method> <!-- setup -->
        <test-method status="PASS" signature="checkUploadingBlankHtml()[pri:14, instance:com.enhanzedadmin.qa.testcases.ContentTest@32811494]" name="checkUploadingBlankHtml" duration-ms="17736" started-at="2020-01-29T17:53:05Z" finished-at="2020-01-29T17:53:22Z">
          <reporter-output>
          </reporter-output>
        </test-method> <!-- checkUploadingBlankHtml -->
        <test-method status="PASS" signature="end()[pri:0, instance:com.enhanzedadmin.qa.testcases.ContentTest@32811494]" name="end" is-config="true" duration-ms="3675" started-at="2020-01-29T17:53:22Z" finished-at="2020-01-29T17:53:26Z">
          <reporter-output>
          </reporter-output>
        </test-method> <!-- end -->
        <test-method status="PASS" signature="initialization()[pri:0, instance:com.enhanzedadmin.qa.testcases.ContentTest@32811494]" name="initialization" is-config="true" duration-ms="13586" started-at="2020-01-29T17:53:26Z" finished-at="2020-01-29T17:53:39Z">
          <reporter-output>
          </reporter-output>
        </test-method> <!-- initialization -->
        <test-method status="PASS" signature="setup()[pri:0, instance:com.enhanzedadmin.qa.testcases.ContentTest@32811494]" name="setup" is-config="true" duration-ms="5116" started-at="2020-01-29T17:53:39Z" finished-at="2020-01-29T17:53:45Z">
          <reporter-output>
          </reporter-output>
        </test-method> <!-- setup -->
        <test-method status="PASS" signature="checkUploadingBlankFileandCategory()[pri:15, instance:com.enhanzedadmin.qa.testcases.ContentTest@32811494]" name="checkUploadingBlankFileandCategory" duration-ms="20512" started-at="2020-01-29T17:53:45Z" finished-at="2020-01-29T17:54:05Z">
          <reporter-output>
          </reporter-output>
        </test-method> <!-- checkUploadingBlankFileandCategory -->
        <test-method status="PASS" signature="end()[pri:0, instance:com.enhanzedadmin.qa.testcases.ContentTest@32811494]" name="end" is-config="true" duration-ms="3698" started-at="2020-01-29T17:54:05Z" finished-at="2020-01-29T17:54:09Z">
          <reporter-output>
          </reporter-output>
        </test-method> <!-- end -->
        <test-method status="FAIL" signature="initialization()[pri:0, instance:com.enhanzedadmin.qa.testcases.ContentTest@32811494]" name="initialization" is-config="true" duration-ms="0" started-at="2020-01-29T17:54:09Z" finished-at="2020-01-29T17:54:09Z">
          <exception class="org.openqa.selenium.NoSuchWindowException">
            <message>
              <![CDATA[no such window: target window already closed
from unknown error: web view not found
  (Session info: chrome=79.0.3945.130)
Build info: version: '3.141.59', revision: 'e82be7d358', time: '2018-11-14T08:17:03'
System info: host: 'DESKTOP-UQCRR3T', ip: '192.168.0.106', os.name: 'Windows 10', os.arch: 'amd64', os.version: '10.0', java.version: '1.8.0_191'
Driver info: org.openqa.selenium.chrome.ChromeDriver
Capabilities {acceptInsecureCerts: false, browserName: chrome, browserVersion: 79.0.3945.130, chrome: {chromedriverVersion: 78.0.3904.70 (edb9c9f3de024..., userDataDir: C:\Users\VITNIT~1\AppData\L...}, goog:chromeOptions: {debuggerAddress: localhost:59094}, javascriptEnabled: true, networkConnectionEnabled: false, pageLoadStrategy: normal, platform: XP, platformName: XP, proxy: Proxy(), setWindowRect: true, strictFileInteractability: false, timeouts: {implicit: 0, pageLoad: 300000, script: 30000}, unhandledPromptBehavior: dismiss and notify}
Session ID: 6d34d240c39d6dfb000306d82031334e]]>
            </message>
            <full-stacktrace>
              <![CDATA[org.openqa.selenium.NoSuchWindowException: no such window: target window already closed
from unknown error: web view not found
  (Session info: chrome=79.0.3945.130)
Build info: version: '3.141.59', revision: 'e82be7d358', time: '2018-11-14T08:17:03'
System info: host: 'DESKTOP-UQCRR3T', ip: '192.168.0.106', os.name: 'Windows 10', os.arch: 'amd64', os.version: '10.0', java.version: '1.8.0_191'
Driver info: org.openqa.selenium.chrome.ChromeDriver
Capabilities {acceptInsecureCerts: false, browserName: chrome, browserVersion: 79.0.3945.130, chrome: {chromedriverVersion: 78.0.3904.70 (edb9c9f3de024..., userDataDir: C:\Users\VITNIT~1\AppData\L...}, goog:chromeOptions: {debuggerAddress: localhost:59094}, javascriptEnabled: true, networkConnectionEnabled: false, pageLoadStrategy: normal, platform: XP, platformName: XP, proxy: Proxy(), setWindowRect: true, strictFileInteractability: false, timeouts: {implicit: 0, pageLoad: 300000, script: 30000}, unhandledPromptBehavior: dismiss and notify}
Session ID: 6d34d240c39d6dfb000306d82031334e
	at sun.reflect.NativeConstructorAccessorImpl.newInstance0(Native Method)
	at sun.reflect.NativeConstructorAccessorImpl.newInstance(Unknown Source)
	at sun.reflect.DelegatingConstructorAccessorImpl.newInstance(Unknown Source)
	at java.lang.reflect.Constructor.newInstance(Unknown Source)
	at org.openqa.selenium.remote.http.W3CHttpResponseCodec.createException(W3CHttpResponseCodec.java:187)
	at org.openqa.selenium.remote.http.W3CHttpResponseCodec.decode(W3CHttpResponseCodec.java:122)
	at org.openqa.selenium.remote.http.W3CHttpResponseCodec.decode(W3CHttpResponseCodec.java:49)
	at org.openqa.selenium.remote.HttpCommandExecutor.execute(HttpCommandExecutor.java:158)
	at org.openqa.selenium.remote.service.DriverCommandExecutor.execute(DriverCommandExecutor.java:83)
	at org.openqa.selenium.remote.RemoteWebDriver.execute(RemoteWebDriver.java:552)
	at org.openqa.selenium.remote.RemoteWebDriver.execute(RemoteWebDriver.java:609)
	at org.openqa.selenium.remote.RemoteWebDriver$RemoteWebDriverOptions$RemoteWindow.maximize(RemoteWebDriver.java:837)
	at com.enhanzedadmin.qa.base.Testbaseadmin.initialization(Testbaseadmin.java:65)
	at sun.reflect.NativeMethodAccessorImpl.invoke0(Native Method)
	at sun.reflect.NativeMethodAccessorImpl.invoke(Unknown Source)
	at sun.reflect.DelegatingMethodAccessorImpl.invoke(Unknown Source)
	at java.lang.reflect.Method.invoke(Unknown Source)
	at org.testng.internal.MethodInvocationHelper.invokeMethod(MethodInvocationHelper.java:86)
	at org.testng.internal.Invoker.invokeConfigurationMethod(Invoker.java:514)
	at org.testng.internal.Invoker.invokeConfigurations(Invoker.java:215)
	at org.testng.internal.Invoker.invokeMethod(Invoker.java:589)
	at org.testng.internal.Invoker.invokeTestMethod(Invoker.java:822)
	at org.testng.internal.Invoker.invokeTestMethods(Invoker.java:1130)
	at org.testng.internal.TestMethodWorker.invokeTestMethods(TestMethodWorker.java:129)
	at org.testng.internal.TestMethodWorker.run(TestMethodWorker.java:112)
	at org.testng.TestRunner.privateRun(TestRunner.java:782)
	at org.testng.TestRunner.run(TestRunner.java:632)
	at org.testng.SuiteRunner.runTest(SuiteRunner.java:366)
	at org.testng.SuiteRunner.runSequentially(SuiteRunner.java:361)
	at org.testng.SuiteRunner.privateRun(SuiteRunner.java:319)
	at org.testng.SuiteRunner.run(SuiteRunner.java:268)
	at org.testng.SuiteRunnerWorker.runSuite(SuiteRunnerWorker.java:52)
	at org.testng.SuiteRunnerWorker.run(SuiteRunnerWorker.java:86)
	at org.testng.TestNG.runSuitesSequentially(TestNG.java:1244)
	at org.testng.TestNG.runSuitesLocally(TestNG.java:1169)
	at org.testng.TestNG.run(TestNG.java:1064)
	at org.testng.remote.RemoteTestNG.run(RemoteTestNG.java:113)
	at org.testng.remote.RemoteTestNG.initAndRun(RemoteTestNG.java:206)
	at org.testng.remote.RemoteTestNG.main(RemoteTestNG.java:177)
]]>
            </full-stacktrace>
          </exception> <!-- org.openqa.selenium.NoSuchWindowException -->
          <reporter-output>
          </reporter-output>
        </test-method> <!-- initialization -->
        <test-method status="SKIP" signature="setup()[pri:0, instance:com.enhanzedadmin.qa.testcases.ContentTest@32811494]" name="setup" is-config="true" duration-ms="0" started-at="2020-01-29T17:54:20Z" finished-at="2020-01-29T17:54:20Z">
          <reporter-output>
          </reporter-output>
        </test-method> <!-- setup -->
        <test-method status="SKIP" signature="checkUploadingBlankTitle()[pri:16, instance:com.enhanzedadmin.qa.testcases.ContentTest@32811494]" name="checkUploadingBlankTitle" duration-ms="1" started-at="2020-01-29T17:54:20Z" finished-at="2020-01-29T17:54:20Z">
          <reporter-output>
          </reporter-output>
        </test-method> <!-- checkUploadingBlankTitle -->
        <test-method status="SKIP" signature="initialization()[pri:0, instance:com.enhanzedadmin.qa.testcases.ContentTest@32811494]" name="initialization" is-config="true" duration-ms="0" started-at="2020-01-29T17:54:20Z" finished-at="2020-01-29T17:54:20Z">
          <reporter-output>
          </reporter-output>
        </test-method> <!-- initialization -->
        <test-method status="SKIP" signature="setup()[pri:0, instance:com.enhanzedadmin.qa.testcases.ContentTest@32811494]" name="setup" is-config="true" duration-ms="0" started-at="2020-01-29T17:54:20Z" finished-at="2020-01-29T17:54:20Z">
          <reporter-output>
          </reporter-output>
        </test-method> <!-- setup -->
        <test-method status="SKIP" signature="end()[pri:0, instance:com.enhanzedadmin.qa.testcases.ContentTest@32811494]" name="end" is-config="true" duration-ms="0" started-at="2020-01-29T17:54:20Z" finished-at="2020-01-29T17:54:20Z">
          <reporter-output>
          </reporter-output>
        </test-method> <!-- end -->
        <test-method status="SKIP" signature="checkuploadPdfWhenBlank()[pri:17, instance:com.enhanzedadmin.qa.testcases.ContentTest@32811494]" name="checkuploadPdfWhenBlank" duration-ms="1" started-at="2020-01-29T17:54:20Z" finished-at="2020-01-29T17:54:20Z">
          <reporter-output>
          </reporter-output>
        </test-method> <!-- checkuploadPdfWhenBlank -->
        <test-method status="SKIP" signature="end()[pri:0, instance:com.enhanzedadmin.qa.testcases.ContentTest@32811494]" name="end" is-config="true" duration-ms="0" started-at="2020-01-29T17:54:20Z" finished-at="2020-01-29T17:54:20Z">
          <reporter-output>
          </reporter-output>
        </test-method> <!-- end -->
        <test-method status="SKIP" signature="initialization()[pri:0, instance:com.enhanzedadmin.qa.testcases.ContentTest@32811494]" name="initialization" is-config="true" duration-ms="0" started-at="2020-01-29T17:54:20Z" finished-at="2020-01-29T17:54:20Z">
          <reporter-output>
          </reporter-output>
        </test-method> <!-- initialization -->
        <test-method status="SKIP" signature="setup()[pri:0, instance:com.enhanzedadmin.qa.testcases.ContentTest@32811494]" name="setup" is-config="true" duration-ms="0" started-at="2020-01-29T17:54:20Z" finished-at="2020-01-29T17:54:20Z">
          <reporter-output>
          </reporter-output>
        </test-method> <!-- setup -->
        <test-method status="SKIP" signature="checkinteractivity()[pri:18, instance:com.enhanzedadmin.qa.testcases.ContentTest@32811494]" name="checkinteractivity" duration-ms="3" started-at="2020-01-29T17:54:20Z" finished-at="2020-01-29T17:54:20Z">
          <reporter-output>
          </reporter-output>
        </test-method> <!-- checkinteractivity -->
        <test-method status="SKIP" signature="end()[pri:0, instance:com.enhanzedadmin.qa.testcases.ContentTest@32811494]" name="end" is-config="true" duration-ms="0" started-at="2020-01-29T17:54:20Z" finished-at="2020-01-29T17:54:20Z">
          <reporter-output>
          </reporter-output>
        </test-method> <!-- end -->
        <test-method status="SKIP" signature="initialization()[pri:0, instance:com.enhanzedadmin.qa.testcases.ContentTest@32811494]" name="initialization" is-config="true" duration-ms="0" started-at="2020-01-29T17:54:20Z" finished-at="2020-01-29T17:54:20Z">
          <reporter-output>
          </reporter-output>
        </test-method> <!-- initialization -->
        <test-method status="SKIP" signature="checkinteractivitywhenimageandsubcategorynotgiven()[pri:19, instance:com.enhanzedadmin.qa.testcases.ContentTest@32811494]" name="checkinteractivitywhenimageandsubcategorynotgiven" duration-ms="1" started-at="2020-01-29T17:54:20Z" finished-at="2020-01-29T17:54:20Z">
          <reporter-output>
          </reporter-output>
        </test-method> <!-- checkinteractivitywhenimageandsubcategorynotgiven -->
        <test-method status="SKIP" signature="setup()[pri:0, instance:com.enhanzedadmin.qa.testcases.ContentTest@32811494]" name="setup" is-config="true" duration-ms="0" started-at="2020-01-29T17:54:20Z" finished-at="2020-01-29T17:54:20Z">
          <reporter-output>
          </reporter-output>
        </test-method> <!-- setup -->
        <test-method status="SKIP" signature="end()[pri:0, instance:com.enhanzedadmin.qa.testcases.ContentTest@32811494]" name="end" is-config="true" duration-ms="0" started-at="2020-01-29T17:54:20Z" finished-at="2020-01-29T17:54:20Z">
          <reporter-output>
          </reporter-output>
        </test-method> <!-- end -->
        <test-method status="SKIP" signature="initialization()[pri:0, instance:com.enhanzedadmin.qa.testcases.ContentTest@32811494]" name="initialization" is-config="true" duration-ms="0" started-at="2020-01-29T17:54:20Z" finished-at="2020-01-29T17:54:20Z">
          <reporter-output>
          </reporter-output>
        </test-method> <!-- initialization -->
        <test-method status="SKIP" signature="checkaddingblankvideo()[pri:20, instance:com.enhanzedadmin.qa.testcases.ContentTest@32811494]" name="checkaddingblankvideo" duration-ms="7" started-at="2020-01-29T17:54:20Z" finished-at="2020-01-29T17:54:20Z">
          <reporter-output>
          </reporter-output>
        </test-method> <!-- checkaddingblankvideo -->
        <test-method status="SKIP" signature="setup()[pri:0, instance:com.enhanzedadmin.qa.testcases.ContentTest@32811494]" name="setup" is-config="true" duration-ms="0" started-at="2020-01-29T17:54:20Z" finished-at="2020-01-29T17:54:20Z">
          <reporter-output>
          </reporter-output>
        </test-method> <!-- setup -->
        <test-method status="SKIP" signature="end()[pri:0, instance:com.enhanzedadmin.qa.testcases.ContentTest@32811494]" name="end" is-config="true" duration-ms="0" started-at="2020-01-29T17:54:20Z" finished-at="2020-01-29T17:54:20Z">
          <reporter-output>
          </reporter-output>
        </test-method> <!-- end -->
        <test-method status="SKIP" signature="setup()[pri:0, instance:com.enhanzedadmin.qa.testcases.ContentTest@32811494]" name="setup" is-config="true" duration-ms="0" started-at="2020-01-29T17:54:20Z" finished-at="2020-01-29T17:54:20Z">
          <reporter-output>
          </reporter-output>
        </test-method> <!-- setup -->
        <test-method status="SKIP" signature="initialization()[pri:0, instance:com.enhanzedadmin.qa.testcases.ContentTest@32811494]" name="initialization" is-config="true" duration-ms="0" started-at="2020-01-29T17:54:20Z" finished-at="2020-01-29T17:54:20Z">
          <reporter-output>
          </reporter-output>
        </test-method> <!-- initialization -->
        <test-method status="SKIP" signature="checkaddingdescriptionvideovideo()[pri:21, instance:com.enhanzedadmin.qa.testcases.ContentTest@32811494]" name="checkaddingdescriptionvideovideo" duration-ms="4" started-at="2020-01-29T17:54:20Z" finished-at="2020-01-29T17:54:20Z">
          <reporter-output>
          </reporter-output>
        </test-method> <!-- checkaddingdescriptionvideovideo -->
        <test-method status="SKIP" signature="initialization()[pri:0, instance:com.enhanzedadmin.qa.testcases.ContentTest@32811494]" name="initialization" is-config="true" duration-ms="0" started-at="2020-01-29T17:54:20Z" finished-at="2020-01-29T17:54:20Z">
          <reporter-output>
          </reporter-output>
        </test-method> <!-- initialization -->
        <test-method status="SKIP" signature="end()[pri:0, instance:com.enhanzedadmin.qa.testcases.ContentTest@32811494]" name="end" is-config="true" duration-ms="0" started-at="2020-01-29T17:54:20Z" finished-at="2020-01-29T17:54:20Z">
          <reporter-output>
          </reporter-output>
        </test-method> <!-- end -->
        <test-method status="SKIP" signature="setup()[pri:0, instance:com.enhanzedadmin.qa.testcases.ContentTest@32811494]" name="setup" is-config="true" duration-ms="0" started-at="2020-01-29T17:54:20Z" finished-at="2020-01-29T17:54:20Z">
          <reporter-output>
          </reporter-output>
        </test-method> <!-- setup -->
        <test-method status="SKIP" signature="checkaddingdurationvideovideo()[pri:22, instance:com.enhanzedadmin.qa.testcases.ContentTest@32811494]" name="checkaddingdurationvideovideo" duration-ms="1" started-at="2020-01-29T17:54:20Z" finished-at="2020-01-29T17:54:20Z">
          <reporter-output>
          </reporter-output>
        </test-method> <!-- checkaddingdurationvideovideo -->
        <test-method status="SKIP" signature="end()[pri:0, instance:com.enhanzedadmin.qa.testcases.ContentTest@32811494]" name="end" is-config="true" duration-ms="0" started-at="2020-01-29T17:54:20Z" finished-at="2020-01-29T17:54:20Z">
          <reporter-output>
          </reporter-output>
        </test-method> <!-- end -->
        <test-method status="SKIP" signature="initialization()[pri:0, instance:com.enhanzedadmin.qa.testcases.ContentTest@32811494]" name="initialization" is-config="true" duration-ms="0" started-at="2020-01-29T17:54:20Z" finished-at="2020-01-29T17:54:20Z">
          <reporter-output>
          </reporter-output>
        </test-method> <!-- initialization -->
        <test-method status="SKIP" signature="setup()[pri:0, instance:com.enhanzedadmin.qa.testcases.ContentTest@32811494]" name="setup" is-config="true" duration-ms="0" started-at="2020-01-29T17:54:20Z" finished-at="2020-01-29T17:54:20Z">
          <reporter-output>
          </reporter-output>
        </test-method> <!-- setup -->
        <test-method status="SKIP" signature="checkaddingfilevideowithoutdescription()[pri:23, instance:com.enhanzedadmin.qa.testcases.ContentTest@32811494]" name="checkaddingfilevideowithoutdescription" duration-ms="2" started-at="2020-01-29T17:54:20Z" finished-at="2020-01-29T17:54:20Z">
          <reporter-output>
          </reporter-output>
        </test-method> <!-- checkaddingfilevideowithoutdescription -->
        <test-method status="SKIP" signature="end()[pri:0, instance:com.enhanzedadmin.qa.testcases.ContentTest@32811494]" name="end" is-config="true" duration-ms="0" started-at="2020-01-29T17:54:20Z" finished-at="2020-01-29T17:54:20Z">
          <reporter-output>
          </reporter-output>
        </test-method> <!-- end -->
        <test-method status="SKIP" signature="setup()[pri:0, instance:com.enhanzedadmin.qa.testcases.ContentTest@32811494]" name="setup" is-config="true" duration-ms="0" started-at="2020-01-29T17:54:20Z" finished-at="2020-01-29T17:54:20Z">
          <reporter-output>
          </reporter-output>
        </test-method> <!-- setup -->
        <test-method status="SKIP" signature="initialization()[pri:0, instance:com.enhanzedadmin.qa.testcases.ContentTest@32811494]" name="initialization" is-config="true" duration-ms="0" started-at="2020-01-29T17:54:20Z" finished-at="2020-01-29T17:54:20Z">
          <reporter-output>
          </reporter-output>
        </test-method> <!-- initialization -->
        <test-method status="SKIP" signature="checkaddingquizobject()[pri:24, instance:com.enhanzedadmin.qa.testcases.ContentTest@32811494]" name="checkaddingquizobject" duration-ms="2" started-at="2020-01-29T17:54:20Z" finished-at="2020-01-29T17:54:20Z">
          <reporter-output>
          </reporter-output>
        </test-method> <!-- checkaddingquizobject -->
        <test-method status="SKIP" signature="end()[pri:0, instance:com.enhanzedadmin.qa.testcases.ContentTest@32811494]" name="end" is-config="true" duration-ms="0" started-at="2020-01-29T17:54:20Z" finished-at="2020-01-29T17:54:20Z">
          <reporter-output>
          </reporter-output>
        </test-method> <!-- end -->
        <test-method status="SKIP" signature="initialization()[pri:0, instance:com.enhanzedadmin.qa.testcases.ContentTest@32811494]" name="initialization" is-config="true" duration-ms="0" started-at="2020-01-29T17:54:21Z" finished-at="2020-01-29T17:54:21Z">
          <reporter-output>
          </reporter-output>
        </test-method> <!-- initialization -->
        <test-method status="SKIP" signature="setup()[pri:0, instance:com.enhanzedadmin.qa.testcases.ContentTest@32811494]" name="setup" is-config="true" duration-ms="0" started-at="2020-01-29T17:54:21Z" finished-at="2020-01-29T17:54:21Z">
          <reporter-output>
          </reporter-output>
        </test-method> <!-- setup -->
        <test-method status="SKIP" signature="addobject(java.lang.String, java.lang.String)[pri:25, instance:com.enhanzedadmin.qa.testcases.ContentTest@32811494]" name="addobject" duration-ms="2" started-at="2020-01-29T17:54:21Z" data-provider="getTestData" finished-at="2020-01-29T17:54:21Z">
          <params>
            <param index="0">
              <value>
                <![CDATA[fgdfgdf]]>
              </value>
            </param>
            <param index="1">
              <value>
                <![CDATA[1.0]]>
              </value>
            </param>
          </params>
          <reporter-output>
          </reporter-output>
        </test-method> <!-- addobject -->
        <test-method status="SKIP" signature="end()[pri:0, instance:com.enhanzedadmin.qa.testcases.ContentTest@32811494]" name="end" is-config="true" duration-ms="0" started-at="2020-01-29T17:54:21Z" finished-at="2020-01-29T17:54:21Z">
          <reporter-output>
          </reporter-output>
        </test-method> <!-- end -->
        <test-method status="SKIP" signature="addobject(java.lang.String, java.lang.String)[pri:25, instance:com.enhanzedadmin.qa.testcases.ContentTest@32811494]" name="addobject" duration-ms="1" started-at="2020-01-29T17:54:21Z" data-provider="getTestData" finished-at="2020-01-29T17:54:21Z">
          <params>
            <param index="0">
              <value>
                <![CDATA[Computer Science]]>
              </value>
            </param>
            <param index="1">
              <value>
                <![CDATA[1.0]]>
              </value>
            </param>
          </params>
          <reporter-output>
          </reporter-output>
        </test-method> <!-- addobject -->
        <test-method status="SKIP" signature="setup()[pri:0, instance:com.enhanzedadmin.qa.testcases.ContentTest@32811494]" name="setup" is-config="true" duration-ms="0" started-at="2020-01-29T17:54:21Z" finished-at="2020-01-29T17:54:21Z">
          <reporter-output>
          </reporter-output>
        </test-method> <!-- setup -->
        <test-method status="SKIP" signature="initialization()[pri:0, instance:com.enhanzedadmin.qa.testcases.ContentTest@32811494]" name="initialization" is-config="true" duration-ms="0" started-at="2020-01-29T17:54:21Z" finished-at="2020-01-29T17:54:21Z">
          <reporter-output>
          </reporter-output>
        </test-method> <!-- initialization -->
        <test-method status="SKIP" signature="addobject(java.lang.String, java.lang.String)[pri:25, instance:com.enhanzedadmin.qa.testcases.ContentTest@32811494]" name="addobject" duration-ms="1" started-at="2020-01-29T17:54:21Z" data-provider="getTestData" finished-at="2020-01-29T17:54:21Z">
          <params>
            <param index="0">
              <value>
                <![CDATA[Engineering]]>
              </value>
            </param>
            <param index="1">
              <value>
                <![CDATA[2.0]]>
              </value>
            </param>
          </params>
          <reporter-output>
          </reporter-output>
        </test-method> <!-- addobject -->
        <test-method status="SKIP" signature="initialization()[pri:0, instance:com.enhanzedadmin.qa.testcases.ContentTest@32811494]" name="initialization" is-config="true" duration-ms="0" started-at="2020-01-29T17:54:21Z" finished-at="2020-01-29T17:54:21Z">
          <reporter-output>
          </reporter-output>
        </test-method> <!-- initialization -->
        <test-method status="SKIP" signature="setup()[pri:0, instance:com.enhanzedadmin.qa.testcases.ContentTest@32811494]" name="setup" is-config="true" duration-ms="0" started-at="2020-01-29T17:54:21Z" finished-at="2020-01-29T17:54:21Z">
          <reporter-output>
          </reporter-output>
        </test-method> <!-- setup -->
        <test-method status="SKIP" signature="end()[pri:0, instance:com.enhanzedadmin.qa.testcases.ContentTest@32811494]" name="end" is-config="true" duration-ms="0" started-at="2020-01-29T17:54:21Z" finished-at="2020-01-29T17:54:21Z">
          <reporter-output>
          </reporter-output>
        </test-method> <!-- end -->
        <test-method status="SKIP" signature="end()[pri:0, instance:com.enhanzedadmin.qa.testcases.ContentTest@32811494]" name="end" is-config="true" duration-ms="0" started-at="2020-01-29T17:54:21Z" finished-at="2020-01-29T17:54:21Z">
          <reporter-output>
          </reporter-output>
        </test-method> <!-- end -->
        <test-method status="SKIP" signature="initialization()[pri:0, instance:com.enhanzedadmin.qa.testcases.ContentTest@32811494]" name="initialization" is-config="true" duration-ms="0" started-at="2020-01-29T17:54:21Z" finished-at="2020-01-29T17:54:21Z">
          <reporter-output>
          </reporter-output>
        </test-method> <!-- initialization -->
        <test-method status="SKIP" signature="addobject(java.lang.String, java.lang.String)[pri:25, instance:com.enhanzedadmin.qa.testcases.ContentTest@32811494]" name="addobject" duration-ms="1" started-at="2020-01-29T17:54:21Z" data-provider="getTestData" finished-at="2020-01-29T17:54:21Z">
          <params>
            <param index="0">
              <value>
                <![CDATA[electrical and electronics]]>
              </value>
            </param>
            <param index="1">
              <value>
                <![CDATA[3.0]]>
              </value>
            </param>
          </params>
          <reporter-output>
          </reporter-output>
        </test-method> <!-- addobject -->
        <test-method status="SKIP" signature="setup()[pri:0, instance:com.enhanzedadmin.qa.testcases.ContentTest@32811494]" name="setup" is-config="true" duration-ms="0" started-at="2020-01-29T17:54:21Z" finished-at="2020-01-29T17:54:21Z">
          <reporter-output>
          </reporter-output>
        </test-method> <!-- setup -->
        <test-method status="SKIP" signature="initialization()[pri:0, instance:com.enhanzedadmin.qa.testcases.ContentTest@32811494]" name="initialization" is-config="true" duration-ms="0" started-at="2020-01-29T17:54:21Z" finished-at="2020-01-29T17:54:21Z">
          <reporter-output>
          </reporter-output>
        </test-method> <!-- initialization -->
        <test-method status="SKIP" signature="addobject(java.lang.String, java.lang.String)[pri:25, instance:com.enhanzedadmin.qa.testcases.ContentTest@32811494]" name="addobject" duration-ms="1" started-at="2020-01-29T17:54:21Z" data-provider="getTestData" finished-at="2020-01-29T17:54:21Z">
          <params>
            <param index="0">
              <value>
                <![CDATA[electrical and electronics]]>
              </value>
            </param>
            <param index="1">
              <value>
                <![CDATA[6.0]]>
              </value>
            </param>
          </params>
          <reporter-output>
          </reporter-output>
        </test-method> <!-- addobject -->
        <test-method status="SKIP" signature="end()[pri:0, instance:com.enhanzedadmin.qa.testcases.ContentTest@32811494]" name="end" is-config="true" duration-ms="0" started-at="2020-01-29T17:54:21Z" finished-at="2020-01-29T17:54:21Z">
          <reporter-output>
          </reporter-output>
        </test-method> <!-- end -->
        <test-method status="SKIP" signature="setup()[pri:0, instance:com.enhanzedadmin.qa.testcases.ContentTest@32811494]" name="setup" is-config="true" duration-ms="0" started-at="2020-01-29T17:54:21Z" finished-at="2020-01-29T17:54:21Z">
          <reporter-output>
          </reporter-output>
        </test-method> <!-- setup -->
        <test-method status="SKIP" signature="end()[pri:0, instance:com.enhanzedadmin.qa.testcases.ContentTest@32811494]" name="end" is-config="true" duration-ms="0" started-at="2020-01-29T17:54:21Z" finished-at="2020-01-29T17:54:21Z">
          <reporter-output>
          </reporter-output>
        </test-method> <!-- end -->
      </class> <!-- com.enhanzedadmin.qa.testcases.ContentTest -->
    </test> <!-- Default test -->
  </suite> <!-- Default suite -->
</testng-results>
